{"/Users/pavankommi/Repo/kommix/rndtpkr/src/calendar-context.ts": {"path":"/Users/pavankommi/Repo/kommix/rndtpkr/src/calendar-context.ts","statementMap":{"0":{"start":{"line":21,"column":31},"end":{"line":21,"column":71}},"1":{"start":{"line":23,"column":34},"end":{"line":23,"column":67}},"2":{"start":{"line":23,"column":40},"end":{"line":23,"column":67}}},"fnMap":{"0":{"name":"(anonymous_0)","decl":{"start":{"line":23,"column":34},"end":{"line":23,"column":35}},"loc":{"start":{"line":23,"column":40},"end":{"line":23,"column":67}},"line":23}},"branchMap":{},"s":{"0":2,"1":2,"2":28},"f":{"0":28},"b":{},"_coverageSchema":"1a1c01bbd47fc00a2c39e90264f33305004495a9","hash":"6eb895f27dfd58827623bb784fc76135932ade8a"}
,"/Users/pavankommi/Repo/kommix/rndtpkr/src/datetime-picker.tsx": {"path":"/Users/pavankommi/Repo/kommix/rndtpkr/src/datetime-picker.tsx","statementMap":{"0":{"start":{"line":43,"column":0},"end":{"line":43,"column":25}},"1":{"start":{"line":44,"column":0},"end":{"line":44,"column":27}},"2":{"start":{"line":45,"column":0},"end":{"line":45,"column":30}},"3":{"start":{"line":46,"column":0},"end":{"line":46,"column":18}},"4":{"start":{"line":47,"column":0},"end":{"line":47,"column":23}},"5":{"start":{"line":48,"column":0},"end":{"line":48,"column":23}},"6":{"start":{"line":69,"column":23},"end":{"line":739,"column":1}},"7":{"start":{"line":119,"column":6},"end":{"line":119,"column":11}},"8":{"start":{"line":121,"column":2},"end":{"line":121,"column":32}},"9":{"start":{"line":122,"column":2},"end":{"line":122,"column":23}},"10":{"start":{"line":125,"column":30},"end":{"line":138,"column":48}},"11":{"start":{"line":126,"column":4},"end":{"line":136,"column":5}},"12":{"start":{"line":127,"column":6},"end":{"line":135,"column":7}},"13":{"start":{"line":128,"column":36},"end":{"line":128,"column":68}},"14":{"start":{"line":129,"column":8},"end":{"line":129,"column":34}},"15":{"start":{"line":131,"column":8},"end":{"line":133,"column":10}},"16":{"start":{"line":134,"column":8},"end":{"line":134,"column":35}},"17":{"start":{"line":137,"column":4},"end":{"line":137,"column":31}},"18":{"start":{"line":140,"column":23},"end":{"line":140,"column":44}},"19":{"start":{"line":142,"column":45},"end":{"line":145,"column":3}},"20":{"start":{"line":143,"column":11},"end":{"line":143,"column":76}},"21":{"start":{"line":147,"column":19},"end":{"line":153,"column":3}},"22":{"start":{"line":149,"column":6},"end":{"line":151,"column":11}},"23":{"start":{"line":155,"column":35},"end":{"line":235,"column":4}},"24":{"start":{"line":156,"column":22},"end":{"line":156,"column":42}},"25":{"start":{"line":158,"column":4},"end":{"line":160,"column":5}},"26":{"start":{"line":159,"column":6},"end":{"line":159,"column":32}},"27":{"start":{"line":162,"column":4},"end":{"line":164,"column":5}},"28":{"start":{"line":163,"column":6},"end":{"line":163,"column":37}},"29":{"start":{"line":166,"column":4},"end":{"line":168,"column":5}},"30":{"start":{"line":167,"column":6},"end":{"line":167,"column":36}},"31":{"start":{"line":170,"column":4},"end":{"line":172,"column":5}},"32":{"start":{"line":171,"column":6},"end":{"line":171,"column":35}},"33":{"start":{"line":174,"column":4},"end":{"line":176,"column":5}},"34":{"start":{"line":175,"column":6},"end":{"line":175,"column":45}},"35":{"start":{"line":178,"column":4},"end":{"line":180,"column":5}},"36":{"start":{"line":179,"column":6},"end":{"line":179,"column":43}},"37":{"start":{"line":182,"column":16},"end":{"line":182,"column":55}},"38":{"start":{"line":184,"column":4},"end":{"line":186,"column":5}},"39":{"start":{"line":185,"column":6},"end":{"line":185,"column":29}},"40":{"start":{"line":188,"column":4},"end":{"line":190,"column":5}},"41":{"start":{"line":189,"column":6},"end":{"line":189,"column":29}},"42":{"start":{"line":192,"column":16},"end":{"line":192,"column":70}},"43":{"start":{"line":194,"column":4},"end":{"line":196,"column":5}},"44":{"start":{"line":195,"column":6},"end":{"line":195,"column":29}},"45":{"start":{"line":198,"column":4},"end":{"line":200,"column":5}},"46":{"start":{"line":199,"column":6},"end":{"line":199,"column":29}},"47":{"start":{"line":202,"column":14},"end":{"line":202,"column":62}},"48":{"start":{"line":204,"column":4},"end":{"line":206,"column":5}},"49":{"start":{"line":205,"column":6},"end":{"line":205,"column":27}},"50":{"start":{"line":208,"column":4},"end":{"line":210,"column":5}},"51":{"start":{"line":209,"column":6},"end":{"line":209,"column":27}},"52":{"start":{"line":212,"column":4},"end":{"line":221,"column":6}},"53":{"start":{"line":237,"column":28},"end":{"line":287,"column":3}},"54":{"start":{"line":239,"column":6},"end":{"line":284,"column":7}},"55":{"start":{"line":241,"column":10},"end":{"line":244,"column":12}},"56":{"start":{"line":246,"column":10},"end":{"line":249,"column":12}},"57":{"start":{"line":251,"column":10},"end":{"line":254,"column":12}},"58":{"start":{"line":256,"column":41},"end":{"line":256,"column":55}},"59":{"start":{"line":257,"column":10},"end":{"line":261,"column":12}},"60":{"start":{"line":263,"column":53},"end":{"line":263,"column":67}},"61":{"start":{"line":264,"column":10},"end":{"line":268,"column":12}},"62":{"start":{"line":270,"column":43},"end":{"line":270,"column":57}},"63":{"start":{"line":271,"column":10},"end":{"line":274,"column":12}},"64":{"start":{"line":276,"column":10},"end":{"line":279,"column":12}},"65":{"start":{"line":281,"column":10},"end":{"line":281,"column":32}},"66":{"start":{"line":283,"column":10},"end":{"line":283,"column":27}},"67":{"start":{"line":289,"column":19},"end":{"line":289,"column":32}},"68":{"start":{"line":290,"column":2},"end":{"line":290,"column":27}},"69":{"start":{"line":292,"column":2},"end":{"line":299,"column":17}},"70":{"start":{"line":293,"column":21},"end":{"line":296,"column":5}},"71":{"start":{"line":298,"column":4},"end":{"line":298,"column":74}},"72":{"start":{"line":301,"column":2},"end":{"line":309,"column":31}},"73":{"start":{"line":302,"column":4},"end":{"line":308,"column":5}},"74":{"start":{"line":303,"column":22},"end":{"line":303,"column":42}},"75":{"start":{"line":304,"column":6},"end":{"line":307,"column":9}},"76":{"start":{"line":311,"column":2},"end":{"line":404,"column":5}},"77":{"start":{"line":312,"column":4},"end":{"line":391,"column":5}},"78":{"start":{"line":314,"column":8},"end":{"line":318,"column":12}},"79":{"start":{"line":320,"column":6},"end":{"line":322,"column":7}},"80":{"start":{"line":321,"column":8},"end":{"line":321,"column":44}},"81":{"start":{"line":324,"column":6},"end":{"line":326,"column":7}},"82":{"start":{"line":325,"column":8},"end":{"line":325,"column":44}},"83":{"start":{"line":328,"column":6},"end":{"line":331,"column":9}},"84":{"start":{"line":333,"column":6},"end":{"line":337,"column":7}},"85":{"start":{"line":334,"column":8},"end":{"line":336,"column":11}},"86":{"start":{"line":338,"column":11},"end":{"line":391,"column":5}},"87":{"start":{"line":339,"column":18},"end":{"line":341,"column":19}},"88":{"start":{"line":343,"column":6},"end":{"line":345,"column":7}},"89":{"start":{"line":344,"column":8},"end":{"line":344,"column":44}},"90":{"start":{"line":347,"column":6},"end":{"line":349,"column":7}},"91":{"start":{"line":348,"column":8},"end":{"line":348,"column":44}},"92":{"start":{"line":351,"column":16},"end":{"line":351,"column":77}},"93":{"start":{"line":353,"column":6},"end":{"line":355,"column":7}},"94":{"start":{"line":354,"column":8},"end":{"line":354,"column":42}},"95":{"start":{"line":357,"column":6},"end":{"line":359,"column":7}},"96":{"start":{"line":358,"column":8},"end":{"line":358,"column":42}},"97":{"start":{"line":361,"column":6},"end":{"line":367,"column":9}},"98":{"start":{"line":369,"column":6},"end":{"line":374,"column":7}},"99":{"start":{"line":370,"column":8},"end":{"line":373,"column":11}},"100":{"start":{"line":375,"column":11},"end":{"line":391,"column":5}},"101":{"start":{"line":376,"column":21},"end":{"line":378,"column":21}},"102":{"start":{"line":377,"column":8},"end":{"line":377,"column":32}},"103":{"start":{"line":380,"column":6},"end":{"line":383,"column":9}},"104":{"start":{"line":385,"column":6},"end":{"line":390,"column":7}},"105":{"start":{"line":386,"column":8},"end":{"line":389,"column":11}},"106":{"start":{"line":387,"column":38},"end":{"line":387,"column":58}},"107":{"start":{"line":406,"column":26},"end":{"line":408,"column":8}},"108":{"start":{"line":407,"column":4},"end":{"line":407,"column":76}},"109":{"start":{"line":410,"column":23},"end":{"line":535,"column":3}},"110":{"start":{"line":412,"column":6},"end":{"line":532,"column":7}},"111":{"start":{"line":413,"column":8},"end":{"line":531,"column":9}},"112":{"start":{"line":414,"column":26},"end":{"line":416,"column":61}},"113":{"start":{"line":418,"column":10},"end":{"line":421,"column":13}},"114":{"start":{"line":423,"column":10},"end":{"line":425,"column":13}},"115":{"start":{"line":426,"column":15},"end":{"line":531,"column":9}},"116":{"start":{"line":428,"column":22},"end":{"line":428,"column":70}},"117":{"start":{"line":429,"column":20},"end":{"line":429,"column":66}},"118":{"start":{"line":430,"column":27},"end":{"line":430,"column":61}},"119":{"start":{"line":431,"column":33},"end":{"line":431,"column":37}},"120":{"start":{"line":432,"column":33},"end":{"line":432,"column":38}},"121":{"start":{"line":434,"column":10},"end":{"line":442,"column":11}},"122":{"start":{"line":439,"column":12},"end":{"line":439,"column":28}},"123":{"start":{"line":440,"column":17},"end":{"line":442,"column":11}},"124":{"start":{"line":441,"column":12},"end":{"line":441,"column":27}},"125":{"start":{"line":444,"column":10},"end":{"line":458,"column":11}},"126":{"start":{"line":445,"column":12},"end":{"line":450,"column":13}},"127":{"start":{"line":449,"column":14},"end":{"line":449,"column":30}},"128":{"start":{"line":452,"column":12},"end":{"line":457,"column":13}},"129":{"start":{"line":456,"column":14},"end":{"line":456,"column":30}},"130":{"start":{"line":460,"column":10},"end":{"line":462,"column":11}},"131":{"start":{"line":461,"column":12},"end":{"line":461,"column":24}},"132":{"start":{"line":464,"column":10},"end":{"line":471,"column":11}},"133":{"start":{"line":465,"column":33},"end":{"line":465,"column":65}},"134":{"start":{"line":467,"column":12},"end":{"line":470,"column":13}},"135":{"start":{"line":468,"column":14},"end":{"line":468,"column":29}},"136":{"start":{"line":469,"column":14},"end":{"line":469,"column":30}},"137":{"start":{"line":473,"column":10},"end":{"line":485,"column":11}},"138":{"start":{"line":474,"column":33},"end":{"line":474,"column":67}},"139":{"start":{"line":476,"column":12},"end":{"line":484,"column":13}},"140":{"start":{"line":477,"column":14},"end":{"line":477,"column":29}},"141":{"start":{"line":478,"column":19},"end":{"line":484,"column":13}},"142":{"start":{"line":482,"column":14},"end":{"line":482,"column":29}},"143":{"start":{"line":483,"column":14},"end":{"line":483,"column":30}},"144":{"start":{"line":487,"column":10},"end":{"line":505,"column":11}},"145":{"start":{"line":488,"column":12},"end":{"line":491,"column":15}},"146":{"start":{"line":493,"column":12},"end":{"line":504,"column":15}},"147":{"start":{"line":506,"column":15},"end":{"line":531,"column":9}},"148":{"start":{"line":507,"column":28},"end":{"line":507,"column":72}},"149":{"start":{"line":508,"column":26},"end":{"line":508,"column":70}},"150":{"start":{"line":510,"column":25},"end":{"line":510,"column":79}},"151":{"start":{"line":510,"column":48},"end":{"line":510,"column":78}},"152":{"start":{"line":512,"column":27},"end":{"line":514,"column":37}},"153":{"start":{"line":513,"column":39},"end":{"line":513,"column":70}},"154":{"start":{"line":516,"column":10},"end":{"line":518,"column":11}},"155":{"start":{"line":517,"column":12},"end":{"line":517,"column":19}},"156":{"start":{"line":520,"column":10},"end":{"line":520,"column":73}},"157":{"start":{"line":520,"column":35},"end":{"line":520,"column":70}},"158":{"start":{"line":522,"column":25},"end":{"line":524,"column":25}},"159":{"start":{"line":523,"column":12},"end":{"line":523,"column":36}},"160":{"start":{"line":526,"column":10},"end":{"line":530,"column":13}},"161":{"start":{"line":527,"column":40},"end":{"line":527,"column":60}},"162":{"start":{"line":538,"column":24},"end":{"line":555,"column":3}},"163":{"start":{"line":540,"column":27},"end":{"line":540,"column":70}},"164":{"start":{"line":541,"column":22},"end":{"line":541,"column":70}},"165":{"start":{"line":544,"column":6},"end":{"line":546,"column":7}},"166":{"start":{"line":545,"column":8},"end":{"line":545,"column":29}},"167":{"start":{"line":548,"column":6},"end":{"line":551,"column":9}},"168":{"start":{"line":552,"column":6},"end":{"line":552,"column":29}},"169":{"start":{"line":558,"column":23},"end":{"line":575,"column":3}},"170":{"start":{"line":560,"column":26},"end":{"line":560,"column":68}},"171":{"start":{"line":561,"column":22},"end":{"line":561,"column":69}},"172":{"start":{"line":564,"column":6},"end":{"line":566,"column":7}},"173":{"start":{"line":565,"column":8},"end":{"line":565,"column":28}},"174":{"start":{"line":568,"column":6},"end":{"line":571,"column":9}},"175":{"start":{"line":572,"column":6},"end":{"line":572,"column":29}},"176":{"start":{"line":577,"column":24},"end":{"line":586,"column":3}},"177":{"start":{"line":579,"column":22},"end":{"line":579,"column":77}},"178":{"start":{"line":580,"column":6},"end":{"line":583,"column":9}},"179":{"start":{"line":588,"column":23},"end":{"line":596,"column":3}},"180":{"start":{"line":590,"column":6},"end":{"line":593,"column":9}},"181":{"start":{"line":598,"column":2},"end":{"line":602,"column":14}},"182":{"start":{"line":599,"column":4},"end":{"line":601,"column":5}},"183":{"start":{"line":600,"column":6},"end":{"line":600,"column":27}},"184":{"start":{"line":604,"column":2},"end":{"line":608,"column":13}},"185":{"start":{"line":605,"column":4},"end":{"line":607,"column":5}},"186":{"start":{"line":606,"column":6},"end":{"line":606,"column":25}},"187":{"start":{"line":610,"column":25},"end":{"line":610,"column":68}},"188":{"start":{"line":612,"column":29},"end":{"line":614,"column":4}},"189":{"start":{"line":616,"column":29},"end":{"line":621,"column":3}},"190":{"start":{"line":617,"column":11},"end":{"line":619,"column":5}},"191":{"start":{"line":623,"column":27},"end":{"line":688,"column":3}},"192":{"start":{"line":624,"column":11},"end":{"line":655,"column":5}},"193":{"start":{"line":690,"column":30},"end":{"line":707,"column":3}},"194":{"start":{"line":691,"column":11},"end":{"line":698,"column":5}},"195":{"start":{"line":709,"column":28},"end":{"line":715,"column":3}},"196":{"start":{"line":710,"column":11},"end":{"line":713,"column":5}},"197":{"start":{"line":717,"column":24},"end":{"line":732,"column":3}},"198":{"start":{"line":718,"column":11},"end":{"line":724,"column":5}},"199":{"start":{"line":734,"column":2},"end":{"line":738,"column":4}}},"fnMap":{"0":{"name":"(anonymous_0)","decl":{"start":{"line":69,"column":23},"end":{"line":69,"column":24}},"loc":{"start":{"line":71,"column":5},"end":{"line":739,"column":1}},"line":71},"1":{"name":"(anonymous_1)","decl":{"start":{"line":113,"column":20},"end":{"line":113,"column":21}},"loc":{"start":{"line":113,"column":26},"end":{"line":113,"column":28}},"line":113},"2":{"name":"(anonymous_2)","decl":{"start":{"line":114,"column":19},"end":{"line":114,"column":20}},"loc":{"start":{"line":114,"column":25},"end":{"line":114,"column":27}},"line":114},"3":{"name":"(anonymous_3)","decl":{"start":{"line":125,"column":38},"end":{"line":125,"column":39}},"loc":{"start":{"line":125,"column":44},"end":{"line":138,"column":3}},"line":125},"4":{"name":"(anonymous_4)","decl":{"start":{"line":143,"column":4},"end":{"line":143,"column":5}},"loc":{"start":{"line":143,"column":11},"end":{"line":143,"column":76}},"line":143},"5":{"name":"(anonymous_5)","decl":{"start":{"line":148,"column":4},"end":{"line":148,"column":5}},"loc":{"start":{"line":149,"column":6},"end":{"line":151,"column":11}},"line":149},"6":{"name":"(anonymous_6)","decl":{"start":{"line":155,"column":43},"end":{"line":155,"column":44}},"loc":{"start":{"line":155,"column":49},"end":{"line":222,"column":3}},"line":155},"7":{"name":"(anonymous_7)","decl":{"start":{"line":238,"column":4},"end":{"line":238,"column":5}},"loc":{"start":{"line":238,"column":55},"end":{"line":285,"column":5}},"line":238},"8":{"name":"(anonymous_8)","decl":{"start":{"line":292,"column":12},"end":{"line":292,"column":13}},"loc":{"start":{"line":292,"column":18},"end":{"line":299,"column":3}},"line":292},"9":{"name":"(anonymous_9)","decl":{"start":{"line":301,"column":12},"end":{"line":301,"column":13}},"loc":{"start":{"line":301,"column":18},"end":{"line":309,"column":3}},"line":301},"10":{"name":"(anonymous_10)","decl":{"start":{"line":311,"column":12},"end":{"line":311,"column":13}},"loc":{"start":{"line":311,"column":18},"end":{"line":392,"column":3}},"line":311},"11":{"name":"(anonymous_11)","decl":{"start":{"line":376,"column":32},"end":{"line":376,"column":33}},"loc":{"start":{"line":377,"column":8},"end":{"line":377,"column":32}},"line":377},"12":{"name":"(anonymous_12)","decl":{"start":{"line":387,"column":28},"end":{"line":387,"column":29}},"loc":{"start":{"line":387,"column":38},"end":{"line":387,"column":58}},"line":387},"13":{"name":"(anonymous_13)","decl":{"start":{"line":406,"column":38},"end":{"line":406,"column":39}},"loc":{"start":{"line":406,"column":63},"end":{"line":408,"column":3}},"line":406},"14":{"name":"(anonymous_14)","decl":{"start":{"line":411,"column":4},"end":{"line":411,"column":5}},"loc":{"start":{"line":411,"column":32},"end":{"line":533,"column":5}},"line":411},"15":{"name":"(anonymous_15)","decl":{"start":{"line":510,"column":40},"end":{"line":510,"column":41}},"loc":{"start":{"line":510,"column":48},"end":{"line":510,"column":78}},"line":510},"16":{"name":"(anonymous_16)","decl":{"start":{"line":513,"column":31},"end":{"line":513,"column":32}},"loc":{"start":{"line":513,"column":39},"end":{"line":513,"column":70}},"line":513},"17":{"name":"(anonymous_17)","decl":{"start":{"line":520,"column":24},"end":{"line":520,"column":25}},"loc":{"start":{"line":520,"column":35},"end":{"line":520,"column":70}},"line":520},"18":{"name":"(anonymous_18)","decl":{"start":{"line":522,"column":38},"end":{"line":522,"column":39}},"loc":{"start":{"line":523,"column":12},"end":{"line":523,"column":36}},"line":523},"19":{"name":"(anonymous_19)","decl":{"start":{"line":527,"column":30},"end":{"line":527,"column":31}},"loc":{"start":{"line":527,"column":40},"end":{"line":527,"column":60}},"line":527},"20":{"name":"(anonymous_20)","decl":{"start":{"line":539,"column":4},"end":{"line":539,"column":5}},"loc":{"start":{"line":539,"column":23},"end":{"line":553,"column":5}},"line":539},"21":{"name":"(anonymous_21)","decl":{"start":{"line":559,"column":4},"end":{"line":559,"column":5}},"loc":{"start":{"line":559,"column":23},"end":{"line":573,"column":5}},"line":559},"22":{"name":"(anonymous_22)","decl":{"start":{"line":578,"column":4},"end":{"line":578,"column":5}},"loc":{"start":{"line":578,"column":23},"end":{"line":584,"column":5}},"line":578},"23":{"name":"(anonymous_23)","decl":{"start":{"line":589,"column":4},"end":{"line":589,"column":5}},"loc":{"start":{"line":589,"column":23},"end":{"line":594,"column":5}},"line":589},"24":{"name":"(anonymous_24)","decl":{"start":{"line":598,"column":12},"end":{"line":598,"column":13}},"loc":{"start":{"line":598,"column":18},"end":{"line":602,"column":3}},"line":598},"25":{"name":"(anonymous_25)","decl":{"start":{"line":604,"column":12},"end":{"line":604,"column":13}},"loc":{"start":{"line":604,"column":18},"end":{"line":608,"column":3}},"line":604},"26":{"name":"(anonymous_26)","decl":{"start":{"line":617,"column":4},"end":{"line":617,"column":5}},"loc":{"start":{"line":617,"column":11},"end":{"line":619,"column":5}},"line":617},"27":{"name":"(anonymous_27)","decl":{"start":{"line":624,"column":4},"end":{"line":624,"column":5}},"loc":{"start":{"line":624,"column":11},"end":{"line":655,"column":5}},"line":624},"28":{"name":"(anonymous_28)","decl":{"start":{"line":691,"column":4},"end":{"line":691,"column":5}},"loc":{"start":{"line":691,"column":11},"end":{"line":698,"column":5}},"line":691},"29":{"name":"(anonymous_29)","decl":{"start":{"line":710,"column":4},"end":{"line":710,"column":5}},"loc":{"start":{"line":710,"column":11},"end":{"line":713,"column":5}},"line":710},"30":{"name":"(anonymous_30)","decl":{"start":{"line":718,"column":4},"end":{"line":718,"column":5}},"loc":{"start":{"line":718,"column":11},"end":{"line":724,"column":5}},"line":718}},"branchMap":{"0":{"loc":{"start":{"line":73,"column":4},"end":{"line":73,"column":19}},"type":"default-arg","locations":[{"start":{"line":73,"column":11},"end":{"line":73,"column":19}}],"line":73},"1":{"loc":{"start":{"line":74,"column":4},"end":{"line":74,"column":24}},"type":"default-arg","locations":[{"start":{"line":74,"column":15},"end":{"line":74,"column":24}}],"line":74},"2":{"loc":{"start":{"line":75,"column":4},"end":{"line":75,"column":17}},"type":"default-arg","locations":[{"start":{"line":75,"column":13},"end":{"line":75,"column":17}}],"line":75},"3":{"loc":{"start":{"line":76,"column":4},"end":{"line":76,"column":21}},"type":"default-arg","locations":[{"start":{"line":76,"column":15},"end":{"line":76,"column":21}}],"line":76},"4":{"loc":{"start":{"line":78,"column":4},"end":{"line":78,"column":27}},"type":"default-arg","locations":[{"start":{"line":78,"column":22},"end":{"line":78,"column":27}}],"line":78},"5":{"loc":{"start":{"line":79,"column":4},"end":{"line":79,"column":22}},"type":"default-arg","locations":[{"start":{"line":79,"column":17},"end":{"line":79,"column":22}}],"line":79},"6":{"loc":{"start":{"line":94,"column":4},"end":{"line":94,"column":23}},"type":"default-arg","locations":[{"start":{"line":94,"column":18},"end":{"line":94,"column":23}}],"line":94},"7":{"loc":{"start":{"line":95,"column":4},"end":{"line":95,"column":38}},"type":"default-arg","locations":[{"start":{"line":95,"column":22},"end":{"line":95,"column":38}}],"line":95},"8":{"loc":{"start":{"line":96,"column":4},"end":{"line":96,"column":36}},"type":"default-arg","locations":[{"start":{"line":96,"column":21},"end":{"line":96,"column":36}}],"line":96},"9":{"loc":{"start":{"line":97,"column":4},"end":{"line":97,"column":14}},"type":"default-arg","locations":[{"start":{"line":97,"column":12},"end":{"line":97,"column":14}}],"line":97},"10":{"loc":{"start":{"line":98,"column":4},"end":{"line":98,"column":18}},"type":"default-arg","locations":[{"start":{"line":98,"column":16},"end":{"line":98,"column":18}}],"line":98},"11":{"loc":{"start":{"line":99,"column":4},"end":{"line":99,"column":19}},"type":"default-arg","locations":[{"start":{"line":99,"column":17},"end":{"line":99,"column":19}}],"line":99},"12":{"loc":{"start":{"line":100,"column":4},"end":{"line":100,"column":15}},"type":"default-arg","locations":[{"start":{"line":100,"column":13},"end":{"line":100,"column":15}}],"line":100},"13":{"loc":{"start":{"line":102,"column":4},"end":{"line":102,"column":26}},"type":"default-arg","locations":[{"start":{"line":102,"column":21},"end":{"line":102,"column":26}}],"line":102},"14":{"loc":{"start":{"line":103,"column":4},"end":{"line":103,"column":25}},"type":"default-arg","locations":[{"start":{"line":103,"column":19},"end":{"line":103,"column":25}}],"line":103},"15":{"loc":{"start":{"line":104,"column":4},"end":{"line":104,"column":31}},"type":"default-arg","locations":[{"start":{"line":104,"column":25},"end":{"line":104,"column":31}}],"line":104},"16":{"loc":{"start":{"line":110,"column":4},"end":{"line":110,"column":19}},"type":"default-arg","locations":[{"start":{"line":110,"column":17},"end":{"line":110,"column":19}}],"line":110},"17":{"loc":{"start":{"line":113,"column":4},"end":{"line":113,"column":28}},"type":"default-arg","locations":[{"start":{"line":113,"column":20},"end":{"line":113,"column":28}}],"line":113},"18":{"loc":{"start":{"line":114,"column":4},"end":{"line":114,"column":27}},"type":"default-arg","locations":[{"start":{"line":114,"column":19},"end":{"line":114,"column":27}}],"line":114},"19":{"loc":{"start":{"line":116,"column":4},"end":{"line":116,"column":28}},"type":"default-arg","locations":[{"start":{"line":116,"column":23},"end":{"line":116,"column":28}}],"line":116},"20":{"loc":{"start":{"line":118,"column":4},"end":{"line":118,"column":24}},"type":"default-arg","locations":[{"start":{"line":118,"column":20},"end":{"line":118,"column":24}}],"line":118},"21":{"loc":{"start":{"line":126,"column":4},"end":{"line":136,"column":5}},"type":"if","locations":[{"start":{"line":126,"column":4},"end":{"line":136,"column":5}},{"start":{},"end":{}}],"line":126},"22":{"loc":{"start":{"line":126,"column":8},"end":{"line":126,"column":38}},"type":"binary-expr","locations":[{"start":{"line":126,"column":8},"end":{"line":126,"column":24}},{"start":{"line":126,"column":28},"end":{"line":126,"column":38}}],"line":126},"23":{"loc":{"start":{"line":134,"column":15},"end":{"line":134,"column":34}},"type":"binary-expr","locations":[{"start":{"line":134,"column":15},"end":{"line":134,"column":25}},{"start":{"line":134,"column":29},"end":{"line":134,"column":34}}],"line":134},"24":{"loc":{"start":{"line":137,"column":11},"end":{"line":137,"column":30}},"type":"binary-expr","locations":[{"start":{"line":137,"column":11},"end":{"line":137,"column":21}},{"start":{"line":137,"column":25},"end":{"line":137,"column":30}}],"line":137},"25":{"loc":{"start":{"line":143,"column":11},"end":{"line":143,"column":76}},"type":"cond-expr","locations":[{"start":{"line":143,"column":57},"end":{"line":143,"column":62}},{"start":{"line":143,"column":65},"end":{"line":143,"column":76}}],"line":143},"26":{"loc":{"start":{"line":143,"column":11},"end":{"line":143,"column":54}},"type":"binary-expr","locations":[{"start":{"line":143,"column":11},"end":{"line":143,"column":28}},{"start":{"line":143,"column":32},"end":{"line":143,"column":54}}],"line":143},"27":{"loc":{"start":{"line":149,"column":6},"end":{"line":151,"column":11}},"type":"cond-expr","locations":[{"start":{"line":150,"column":10},"end":{"line":150,"column":24}},{"start":{"line":151,"column":10},"end":{"line":151,"column":11}}],"line":149},"28":{"loc":{"start":{"line":149,"column":6},"end":{"line":149,"column":65}},"type":"binary-expr","locations":[{"start":{"line":149,"column":6},"end":{"line":149,"column":20}},{"start":{"line":149,"column":24},"end":{"line":149,"column":42}},{"start":{"line":149,"column":46},"end":{"line":149,"column":65}}],"line":149},"29":{"loc":{"start":{"line":158,"column":4},"end":{"line":160,"column":5}},"type":"if","locations":[{"start":{"line":158,"column":4},"end":{"line":160,"column":5}},{"start":{},"end":{}}],"line":158},"30":{"loc":{"start":{"line":158,"column":8},"end":{"line":158,"column":33}},"type":"binary-expr","locations":[{"start":{"line":158,"column":8},"end":{"line":158,"column":25}},{"start":{"line":158,"column":29},"end":{"line":158,"column":33}}],"line":158},"31":{"loc":{"start":{"line":162,"column":4},"end":{"line":164,"column":5}},"type":"if","locations":[{"start":{"line":162,"column":4},"end":{"line":164,"column":5}},{"start":{},"end":{}}],"line":162},"32":{"loc":{"start":{"line":162,"column":8},"end":{"line":162,"column":37}},"type":"binary-expr","locations":[{"start":{"line":162,"column":8},"end":{"line":162,"column":24}},{"start":{"line":162,"column":28},"end":{"line":162,"column":37}}],"line":162},"33":{"loc":{"start":{"line":166,"column":4},"end":{"line":168,"column":5}},"type":"if","locations":[{"start":{"line":166,"column":4},"end":{"line":168,"column":5}},{"start":{},"end":{}}],"line":166},"34":{"loc":{"start":{"line":166,"column":8},"end":{"line":166,"column":56}},"type":"binary-expr","locations":[{"start":{"line":166,"column":8},"end":{"line":166,"column":27}},{"start":{"line":166,"column":31},"end":{"line":166,"column":36}},{"start":{"line":166,"column":40},"end":{"line":166,"column":56}}],"line":166},"35":{"loc":{"start":{"line":170,"column":4},"end":{"line":172,"column":5}},"type":"if","locations":[{"start":{"line":170,"column":4},"end":{"line":172,"column":5}},{"start":{},"end":{}}],"line":170},"36":{"loc":{"start":{"line":170,"column":8},"end":{"line":170,"column":48}},"type":"binary-expr","locations":[{"start":{"line":170,"column":8},"end":{"line":170,"column":15}},{"start":{"line":170,"column":19},"end":{"line":170,"column":48}}],"line":170},"37":{"loc":{"start":{"line":174,"column":4},"end":{"line":176,"column":5}},"type":"if","locations":[{"start":{"line":174,"column":4},"end":{"line":176,"column":5}},{"start":{},"end":{}}],"line":174},"38":{"loc":{"start":{"line":174,"column":8},"end":{"line":174,"column":65}},"type":"binary-expr","locations":[{"start":{"line":174,"column":8},"end":{"line":174,"column":27}},{"start":{"line":174,"column":31},"end":{"line":174,"column":36}},{"start":{"line":174,"column":40},"end":{"line":174,"column":50}},{"start":{"line":174,"column":54},"end":{"line":174,"column":65}}],"line":174},"39":{"loc":{"start":{"line":178,"column":4},"end":{"line":180,"column":5}},"type":"if","locations":[{"start":{"line":178,"column":4},"end":{"line":180,"column":5}},{"start":{},"end":{}}],"line":178},"40":{"loc":{"start":{"line":178,"column":8},"end":{"line":178,"column":39}},"type":"binary-expr","locations":[{"start":{"line":178,"column":8},"end":{"line":178,"column":26}},{"start":{"line":178,"column":30},"end":{"line":178,"column":39}}],"line":178},"41":{"loc":{"start":{"line":182,"column":17},"end":{"line":182,"column":42}},"type":"cond-expr","locations":[{"start":{"line":182,"column":24},"end":{"line":182,"column":35}},{"start":{"line":182,"column":38},"end":{"line":182,"column":42}}],"line":182},"42":{"loc":{"start":{"line":184,"column":4},"end":{"line":186,"column":5}},"type":"if","locations":[{"start":{"line":184,"column":4},"end":{"line":186,"column":5}},{"start":{},"end":{}}],"line":184},"43":{"loc":{"start":{"line":184,"column":8},"end":{"line":184,"column":57}},"type":"binary-expr","locations":[{"start":{"line":184,"column":8},"end":{"line":184,"column":13}},{"start":{"line":184,"column":17},"end":{"line":184,"column":24}},{"start":{"line":184,"column":28},"end":{"line":184,"column":57}}],"line":184},"44":{"loc":{"start":{"line":188,"column":4},"end":{"line":190,"column":5}},"type":"if","locations":[{"start":{"line":188,"column":4},"end":{"line":190,"column":5}},{"start":{},"end":{}}],"line":188},"45":{"loc":{"start":{"line":188,"column":8},"end":{"line":188,"column":58}},"type":"binary-expr","locations":[{"start":{"line":188,"column":8},"end":{"line":188,"column":13}},{"start":{"line":188,"column":17},"end":{"line":188,"column":24}},{"start":{"line":188,"column":28},"end":{"line":188,"column":58}}],"line":188},"46":{"loc":{"start":{"line":192,"column":17},"end":{"line":192,"column":57}},"type":"cond-expr","locations":[{"start":{"line":192,"column":29},"end":{"line":192,"column":45}},{"start":{"line":192,"column":48},"end":{"line":192,"column":57}}],"line":192},"47":{"loc":{"start":{"line":194,"column":4},"end":{"line":196,"column":5}},"type":"if","locations":[{"start":{"line":194,"column":4},"end":{"line":196,"column":5}},{"start":{},"end":{}}],"line":194},"48":{"loc":{"start":{"line":194,"column":8},"end":{"line":194,"column":57}},"type":"binary-expr","locations":[{"start":{"line":194,"column":8},"end":{"line":194,"column":13}},{"start":{"line":194,"column":17},"end":{"line":194,"column":24}},{"start":{"line":194,"column":28},"end":{"line":194,"column":57}}],"line":194},"49":{"loc":{"start":{"line":198,"column":4},"end":{"line":200,"column":5}},"type":"if","locations":[{"start":{"line":198,"column":4},"end":{"line":200,"column":5}},{"start":{},"end":{}}],"line":198},"50":{"loc":{"start":{"line":198,"column":8},"end":{"line":198,"column":58}},"type":"binary-expr","locations":[{"start":{"line":198,"column":8},"end":{"line":198,"column":13}},{"start":{"line":198,"column":17},"end":{"line":198,"column":24}},{"start":{"line":198,"column":28},"end":{"line":198,"column":58}}],"line":198},"51":{"loc":{"start":{"line":202,"column":15},"end":{"line":202,"column":49}},"type":"cond-expr","locations":[{"start":{"line":202,"column":25},"end":{"line":202,"column":39}},{"start":{"line":202,"column":42},"end":{"line":202,"column":49}}],"line":202},"52":{"loc":{"start":{"line":204,"column":4},"end":{"line":206,"column":5}},"type":"if","locations":[{"start":{"line":204,"column":4},"end":{"line":206,"column":5}},{"start":{},"end":{}}],"line":204},"53":{"loc":{"start":{"line":204,"column":8},"end":{"line":204,"column":53}},"type":"binary-expr","locations":[{"start":{"line":204,"column":8},"end":{"line":204,"column":11}},{"start":{"line":204,"column":15},"end":{"line":204,"column":22}},{"start":{"line":204,"column":26},"end":{"line":204,"column":53}}],"line":204},"54":{"loc":{"start":{"line":208,"column":4},"end":{"line":210,"column":5}},"type":"if","locations":[{"start":{"line":208,"column":4},"end":{"line":210,"column":5}},{"start":{},"end":{}}],"line":208},"55":{"loc":{"start":{"line":208,"column":8},"end":{"line":208,"column":54}},"type":"binary-expr","locations":[{"start":{"line":208,"column":8},"end":{"line":208,"column":11}},{"start":{"line":208,"column":15},"end":{"line":208,"column":22}},{"start":{"line":208,"column":26},"end":{"line":208,"column":54}}],"line":208},"56":{"loc":{"start":{"line":239,"column":6},"end":{"line":284,"column":7}},"type":"switch","locations":[{"start":{"line":240,"column":8},"end":{"line":244,"column":12}},{"start":{"line":245,"column":8},"end":{"line":249,"column":12}},{"start":{"line":250,"column":8},"end":{"line":254,"column":12}},{"start":{"line":255,"column":8},"end":{"line":261,"column":12}},{"start":{"line":262,"column":8},"end":{"line":268,"column":12}},{"start":{"line":269,"column":8},"end":{"line":274,"column":12}},{"start":{"line":275,"column":8},"end":{"line":279,"column":12}},{"start":{"line":280,"column":8},"end":{"line":281,"column":32}},{"start":{"line":282,"column":8},"end":{"line":283,"column":27}}],"line":239},"57":{"loc":{"start":{"line":302,"column":4},"end":{"line":308,"column":5}},"type":"if","locations":[{"start":{"line":302,"column":4},"end":{"line":308,"column":5}},{"start":{},"end":{}}],"line":302},"58":{"loc":{"start":{"line":312,"column":4},"end":{"line":391,"column":5}},"type":"if","locations":[{"start":{"line":312,"column":4},"end":{"line":391,"column":5}},{"start":{"line":338,"column":11},"end":{"line":391,"column":5}}],"line":312},"59":{"loc":{"start":{"line":314,"column":8},"end":{"line":318,"column":12}},"type":"binary-expr","locations":[{"start":{"line":314,"column":9},"end":{"line":314,"column":13}},{"start":{"line":315,"column":11},"end":{"line":317,"column":53}},{"start":{"line":318,"column":8},"end":{"line":318,"column":12}}],"line":314},"60":{"loc":{"start":{"line":315,"column":11},"end":{"line":317,"column":53}},"type":"cond-expr","locations":[{"start":{"line":316,"column":14},"end":{"line":316,"column":38}},{"start":{"line":317,"column":14},"end":{"line":317,"column":53}}],"line":315},"61":{"loc":{"start":{"line":320,"column":6},"end":{"line":322,"column":7}},"type":"if","locations":[{"start":{"line":320,"column":6},"end":{"line":322,"column":7}},{"start":{},"end":{}}],"line":320},"62":{"loc":{"start":{"line":320,"column":10},"end":{"line":320,"column":72}},"type":"binary-expr","locations":[{"start":{"line":320,"column":10},"end":{"line":320,"column":15}},{"start":{"line":320,"column":19},"end":{"line":320,"column":26}},{"start":{"line":320,"column":30},"end":{"line":320,"column":72}}],"line":320},"63":{"loc":{"start":{"line":324,"column":6},"end":{"line":326,"column":7}},"type":"if","locations":[{"start":{"line":324,"column":6},"end":{"line":326,"column":7}},{"start":{},"end":{}}],"line":324},"64":{"loc":{"start":{"line":324,"column":10},"end":{"line":324,"column":73}},"type":"binary-expr","locations":[{"start":{"line":324,"column":10},"end":{"line":324,"column":15}},{"start":{"line":324,"column":19},"end":{"line":324,"column":26}},{"start":{"line":324,"column":30},"end":{"line":324,"column":73}}],"line":324},"65":{"loc":{"start":{"line":333,"column":6},"end":{"line":337,"column":7}},"type":"if","locations":[{"start":{"line":333,"column":6},"end":{"line":337,"column":7}},{"start":{},"end":{}}],"line":333},"66":{"loc":{"start":{"line":335,"column":16},"end":{"line":335,"column":53}},"type":"cond-expr","locations":[{"start":{"line":335,"column":24},"end":{"line":335,"column":45}},{"start":{"line":335,"column":48},"end":{"line":335,"column":53}}],"line":335},"67":{"loc":{"start":{"line":338,"column":11},"end":{"line":391,"column":5}},"type":"if","locations":[{"start":{"line":338,"column":11},"end":{"line":391,"column":5}},{"start":{"line":375,"column":11},"end":{"line":391,"column":5}}],"line":338},"68":{"loc":{"start":{"line":340,"column":8},"end":{"line":340,"column":61}},"type":"cond-expr","locations":[{"start":{"line":340,"column":20},"end":{"line":340,"column":49}},{"start":{"line":340,"column":52},"end":{"line":340,"column":61}}],"line":340},"69":{"loc":{"start":{"line":343,"column":6},"end":{"line":345,"column":7}},"type":"if","locations":[{"start":{"line":343,"column":6},"end":{"line":345,"column":7}},{"start":{},"end":{}}],"line":343},"70":{"loc":{"start":{"line":343,"column":10},"end":{"line":343,"column":72}},"type":"binary-expr","locations":[{"start":{"line":343,"column":10},"end":{"line":343,"column":15}},{"start":{"line":343,"column":19},"end":{"line":343,"column":26}},{"start":{"line":343,"column":30},"end":{"line":343,"column":72}}],"line":343},"71":{"loc":{"start":{"line":347,"column":6},"end":{"line":349,"column":7}},"type":"if","locations":[{"start":{"line":347,"column":6},"end":{"line":349,"column":7}},{"start":{},"end":{}}],"line":347},"72":{"loc":{"start":{"line":347,"column":10},"end":{"line":347,"column":73}},"type":"binary-expr","locations":[{"start":{"line":347,"column":10},"end":{"line":347,"column":15}},{"start":{"line":347,"column":19},"end":{"line":347,"column":26}},{"start":{"line":347,"column":30},"end":{"line":347,"column":73}}],"line":347},"73":{"loc":{"start":{"line":351,"column":17},"end":{"line":351,"column":64}},"type":"cond-expr","locations":[{"start":{"line":351,"column":27},"end":{"line":351,"column":54}},{"start":{"line":351,"column":57},"end":{"line":351,"column":64}}],"line":351},"74":{"loc":{"start":{"line":353,"column":6},"end":{"line":355,"column":7}},"type":"if","locations":[{"start":{"line":353,"column":6},"end":{"line":355,"column":7}},{"start":{},"end":{}}],"line":353},"75":{"loc":{"start":{"line":353,"column":10},"end":{"line":353,"column":68}},"type":"binary-expr","locations":[{"start":{"line":353,"column":10},"end":{"line":353,"column":13}},{"start":{"line":353,"column":17},"end":{"line":353,"column":24}},{"start":{"line":353,"column":28},"end":{"line":353,"column":68}}],"line":353},"76":{"loc":{"start":{"line":357,"column":6},"end":{"line":359,"column":7}},"type":"if","locations":[{"start":{"line":357,"column":6},"end":{"line":359,"column":7}},{"start":{},"end":{}}],"line":357},"77":{"loc":{"start":{"line":357,"column":10},"end":{"line":357,"column":69}},"type":"binary-expr","locations":[{"start":{"line":357,"column":10},"end":{"line":357,"column":13}},{"start":{"line":357,"column":17},"end":{"line":357,"column":24}},{"start":{"line":357,"column":28},"end":{"line":357,"column":69}}],"line":357},"78":{"loc":{"start":{"line":369,"column":6},"end":{"line":374,"column":7}},"type":"if","locations":[{"start":{"line":369,"column":6},"end":{"line":374,"column":7}},{"start":{},"end":{}}],"line":369},"79":{"loc":{"start":{"line":371,"column":21},"end":{"line":371,"column":58}},"type":"cond-expr","locations":[{"start":{"line":371,"column":29},"end":{"line":371,"column":50}},{"start":{"line":371,"column":53},"end":{"line":371,"column":58}}],"line":371},"80":{"loc":{"start":{"line":372,"column":19},"end":{"line":372,"column":50}},"type":"cond-expr","locations":[{"start":{"line":372,"column":25},"end":{"line":372,"column":44}},{"start":{"line":372,"column":47},"end":{"line":372,"column":50}}],"line":372},"81":{"loc":{"start":{"line":375,"column":11},"end":{"line":391,"column":5}},"type":"if","locations":[{"start":{"line":375,"column":11},"end":{"line":391,"column":5}},{"start":{},"end":{}}],"line":375},"82":{"loc":{"start":{"line":385,"column":6},"end":{"line":390,"column":7}},"type":"if","locations":[{"start":{"line":385,"column":6},"end":{"line":390,"column":7}},{"start":{},"end":{}}],"line":385},"83":{"loc":{"start":{"line":412,"column":6},"end":{"line":532,"column":7}},"type":"if","locations":[{"start":{"line":412,"column":6},"end":{"line":532,"column":7}},{"start":{},"end":{}}],"line":412},"84":{"loc":{"start":{"line":413,"column":8},"end":{"line":531,"column":9}},"type":"if","locations":[{"start":{"line":413,"column":8},"end":{"line":531,"column":9}},{"start":{"line":426,"column":15},"end":{"line":531,"column":9}}],"line":413},"85":{"loc":{"start":{"line":414,"column":26},"end":{"line":416,"column":61}},"type":"cond-expr","locations":[{"start":{"line":415,"column":14},"end":{"line":415,"column":46}},{"start":{"line":416,"column":14},"end":{"line":416,"column":61}}],"line":414},"86":{"loc":{"start":{"line":424,"column":18},"end":{"line":424,"column":61}},"type":"cond-expr","locations":[{"start":{"line":424,"column":28},"end":{"line":424,"column":51}},{"start":{"line":424,"column":54},"end":{"line":424,"column":61}}],"line":424},"87":{"loc":{"start":{"line":426,"column":15},"end":{"line":531,"column":9}},"type":"if","locations":[{"start":{"line":426,"column":15},"end":{"line":531,"column":9}},{"start":{"line":506,"column":15},"end":{"line":531,"column":9}}],"line":426},"88":{"loc":{"start":{"line":434,"column":10},"end":{"line":442,"column":11}},"type":"if","locations":[{"start":{"line":434,"column":10},"end":{"line":442,"column":11}},{"start":{"line":440,"column":17},"end":{"line":442,"column":11}}],"line":434},"89":{"loc":{"start":{"line":435,"column":12},"end":{"line":437,"column":49}},"type":"binary-expr","locations":[{"start":{"line":435,"column":12},"end":{"line":435,"column":52}},{"start":{"line":436,"column":12},"end":{"line":436,"column":53}},{"start":{"line":437,"column":12},"end":{"line":437,"column":49}}],"line":435},"90":{"loc":{"start":{"line":440,"column":17},"end":{"line":442,"column":11}},"type":"if","locations":[{"start":{"line":440,"column":17},"end":{"line":442,"column":11}},{"start":{},"end":{}}],"line":440},"91":{"loc":{"start":{"line":440,"column":21},"end":{"line":440,"column":72}},"type":"binary-expr","locations":[{"start":{"line":440,"column":21},"end":{"line":440,"column":26}},{"start":{"line":440,"column":30},"end":{"line":440,"column":72}}],"line":440},"92":{"loc":{"start":{"line":444,"column":10},"end":{"line":458,"column":11}},"type":"if","locations":[{"start":{"line":444,"column":10},"end":{"line":458,"column":11}},{"start":{},"end":{}}],"line":444},"93":{"loc":{"start":{"line":444,"column":14},"end":{"line":444,"column":26}},"type":"binary-expr","locations":[{"start":{"line":444,"column":14},"end":{"line":444,"column":19}},{"start":{"line":444,"column":23},"end":{"line":444,"column":26}}],"line":444},"94":{"loc":{"start":{"line":445,"column":12},"end":{"line":450,"column":13}},"type":"if","locations":[{"start":{"line":445,"column":12},"end":{"line":450,"column":13}},{"start":{},"end":{}}],"line":445},"95":{"loc":{"start":{"line":446,"column":14},"end":{"line":447,"column":54}},"type":"binary-expr","locations":[{"start":{"line":446,"column":14},"end":{"line":446,"column":51}},{"start":{"line":447,"column":14},"end":{"line":447,"column":54}}],"line":446},"96":{"loc":{"start":{"line":452,"column":12},"end":{"line":457,"column":13}},"type":"if","locations":[{"start":{"line":452,"column":12},"end":{"line":457,"column":13}},{"start":{},"end":{}}],"line":452},"97":{"loc":{"start":{"line":453,"column":14},"end":{"line":454,"column":54}},"type":"binary-expr","locations":[{"start":{"line":453,"column":14},"end":{"line":453,"column":54}},{"start":{"line":454,"column":14},"end":{"line":454,"column":54}}],"line":453},"98":{"loc":{"start":{"line":460,"column":10},"end":{"line":462,"column":11}},"type":"if","locations":[{"start":{"line":460,"column":10},"end":{"line":462,"column":11}},{"start":{},"end":{}}],"line":460},"99":{"loc":{"start":{"line":460,"column":14},"end":{"line":460,"column":71}},"type":"binary-expr","locations":[{"start":{"line":460,"column":14},"end":{"line":460,"column":19}},{"start":{"line":460,"column":23},"end":{"line":460,"column":27}},{"start":{"line":460,"column":31},"end":{"line":460,"column":71}}],"line":460},"100":{"loc":{"start":{"line":464,"column":10},"end":{"line":471,"column":11}},"type":"if","locations":[{"start":{"line":464,"column":10},"end":{"line":471,"column":11}},{"start":{},"end":{}}],"line":464},"101":{"loc":{"start":{"line":464,"column":14},"end":{"line":464,"column":44}},"type":"binary-expr","locations":[{"start":{"line":464,"column":14},"end":{"line":464,"column":21}},{"start":{"line":464,"column":25},"end":{"line":464,"column":28}},{"start":{"line":464,"column":33},"end":{"line":464,"column":36}},{"start":{"line":464,"column":40},"end":{"line":464,"column":43}}],"line":464},"102":{"loc":{"start":{"line":467,"column":12},"end":{"line":470,"column":13}},"type":"if","locations":[{"start":{"line":467,"column":12},"end":{"line":470,"column":13}},{"start":{},"end":{}}],"line":467},"103":{"loc":{"start":{"line":467,"column":16},"end":{"line":467,"column":74}},"type":"binary-expr","locations":[{"start":{"line":467,"column":17},"end":{"line":467,"column":20}},{"start":{"line":467,"column":24},"end":{"line":467,"column":42}},{"start":{"line":467,"column":48},"end":{"line":467,"column":51}},{"start":{"line":467,"column":55},"end":{"line":467,"column":73}}],"line":467},"104":{"loc":{"start":{"line":473,"column":10},"end":{"line":485,"column":11}},"type":"if","locations":[{"start":{"line":473,"column":10},"end":{"line":485,"column":11}},{"start":{},"end":{}}],"line":473},"105":{"loc":{"start":{"line":473,"column":14},"end":{"line":473,"column":47}},"type":"binary-expr","locations":[{"start":{"line":473,"column":14},"end":{"line":473,"column":22}},{"start":{"line":473,"column":26},"end":{"line":473,"column":31}},{"start":{"line":473,"column":36},"end":{"line":473,"column":39}},{"start":{"line":473,"column":43},"end":{"line":473,"column":46}}],"line":473},"106":{"loc":{"start":{"line":476,"column":12},"end":{"line":484,"column":13}},"type":"if","locations":[{"start":{"line":476,"column":12},"end":{"line":484,"column":13}},{"start":{"line":478,"column":19},"end":{"line":484,"column":13}}],"line":476},"107":{"loc":{"start":{"line":478,"column":19},"end":{"line":484,"column":13}},"type":"if","locations":[{"start":{"line":478,"column":19},"end":{"line":484,"column":13}},{"start":{},"end":{}}],"line":478},"108":{"loc":{"start":{"line":479,"column":14},"end":{"line":480,"column":41}},"type":"binary-expr","locations":[{"start":{"line":479,"column":15},"end":{"line":479,"column":18}},{"start":{"line":479,"column":22},"end":{"line":479,"column":40}},{"start":{"line":480,"column":15},"end":{"line":480,"column":18}},{"start":{"line":480,"column":22},"end":{"line":480,"column":40}}],"line":479},"109":{"loc":{"start":{"line":487,"column":10},"end":{"line":505,"column":11}},"type":"if","locations":[{"start":{"line":487,"column":10},"end":{"line":505,"column":11}},{"start":{"line":492,"column":17},"end":{"line":505,"column":11}}],"line":487},"110":{"loc":{"start":{"line":494,"column":25},"end":{"line":498,"column":25}},"type":"cond-expr","locations":[{"start":{"line":495,"column":18},"end":{"line":495,"column":42}},{"start":{"line":496,"column":18},"end":{"line":498,"column":25}}],"line":494},"111":{"loc":{"start":{"line":496,"column":18},"end":{"line":498,"column":25}},"type":"cond-expr","locations":[{"start":{"line":497,"column":20},"end":{"line":497,"column":44}},{"start":{"line":498,"column":20},"end":{"line":498,"column":25}}],"line":496},"112":{"loc":{"start":{"line":499,"column":23},"end":{"line":503,"column":23}},"type":"cond-expr","locations":[{"start":{"line":500,"column":18},"end":{"line":500,"column":68}},{"start":{"line":501,"column":18},"end":{"line":503,"column":23}}],"line":499},"113":{"loc":{"start":{"line":501,"column":18},"end":{"line":503,"column":23}},"type":"cond-expr","locations":[{"start":{"line":502,"column":20},"end":{"line":502,"column":65}},{"start":{"line":503,"column":20},"end":{"line":503,"column":23}}],"line":501},"114":{"loc":{"start":{"line":506,"column":15},"end":{"line":531,"column":9}},"type":"if","locations":[{"start":{"line":506,"column":15},"end":{"line":531,"column":9}},{"start":{},"end":{}}],"line":506},"115":{"loc":{"start":{"line":507,"column":28},"end":{"line":507,"column":72}},"type":"binary-expr","locations":[{"start":{"line":507,"column":29},"end":{"line":507,"column":65}},{"start":{"line":507,"column":70},"end":{"line":507,"column":72}}],"line":507},"116":{"loc":{"start":{"line":512,"column":27},"end":{"line":514,"column":37}},"type":"cond-expr","locations":[{"start":{"line":513,"column":14},"end":{"line":513,"column":71}},{"start":{"line":514,"column":14},"end":{"line":514,"column":37}}],"line":512},"117":{"loc":{"start":{"line":516,"column":10},"end":{"line":518,"column":11}},"type":"if","locations":[{"start":{"line":516,"column":10},"end":{"line":518,"column":11}},{"start":{},"end":{}}],"line":516},"118":{"loc":{"start":{"line":516,"column":14},"end":{"line":516,"column":42}},"type":"binary-expr","locations":[{"start":{"line":516,"column":14},"end":{"line":516,"column":17}},{"start":{"line":516,"column":21},"end":{"line":516,"column":42}}],"line":516},"119":{"loc":{"start":{"line":520,"column":35},"end":{"line":520,"column":70}},"type":"cond-expr","locations":[{"start":{"line":520,"column":64},"end":{"line":520,"column":65}},{"start":{"line":520,"column":68},"end":{"line":520,"column":70}}],"line":520},"120":{"loc":{"start":{"line":528,"column":25},"end":{"line":528,"column":68}},"type":"cond-expr","locations":[{"start":{"line":528,"column":35},"end":{"line":528,"column":58}},{"start":{"line":528,"column":61},"end":{"line":528,"column":68}}],"line":528},"121":{"loc":{"start":{"line":529,"column":20},"end":{"line":529,"column":48}},"type":"cond-expr","locations":[{"start":{"line":529,"column":29},"end":{"line":529,"column":38}},{"start":{"line":529,"column":41},"end":{"line":529,"column":48}}],"line":529},"122":{"loc":{"start":{"line":544,"column":6},"end":{"line":546,"column":7}},"type":"if","locations":[{"start":{"line":544,"column":6},"end":{"line":546,"column":7}},{"start":{},"end":{}}],"line":544},"123":{"loc":{"start":{"line":564,"column":6},"end":{"line":566,"column":7}},"type":"if","locations":[{"start":{"line":564,"column":6},"end":{"line":566,"column":7}},{"start":{},"end":{}}],"line":564},"124":{"loc":{"start":{"line":599,"column":4},"end":{"line":601,"column":5}},"type":"if","locations":[{"start":{"line":599,"column":4},"end":{"line":601,"column":5}},{"start":{},"end":{}}],"line":599},"125":{"loc":{"start":{"line":599,"column":8},"end":{"line":599,"column":56}},"type":"binary-expr","locations":[{"start":{"line":599,"column":8},"end":{"line":599,"column":27}},{"start":{"line":599,"column":31},"end":{"line":599,"column":41}},{"start":{"line":599,"column":45},"end":{"line":599,"column":56}}],"line":599},"126":{"loc":{"start":{"line":605,"column":4},"end":{"line":607,"column":5}},"type":"if","locations":[{"start":{"line":605,"column":4},"end":{"line":607,"column":5}},{"start":{},"end":{}}],"line":605},"127":{"loc":{"start":{"line":605,"column":8},"end":{"line":605,"column":39}},"type":"binary-expr","locations":[{"start":{"line":605,"column":8},"end":{"line":605,"column":26}},{"start":{"line":605,"column":30},"end":{"line":605,"column":39}}],"line":605}},"s":{"0":2,"1":2,"2":2,"3":2,"4":2,"5":2,"6":2,"7":4,"8":4,"9":4,"10":4,"11":2,"12":0,"13":0,"14":0,"15":0,"16":0,"17":2,"18":4,"19":4,"20":2,"21":4,"22":2,"23":4,"24":2,"25":2,"26":2,"27":2,"28":0,"29":2,"30":0,"31":2,"32":0,"33":2,"34":0,"35":2,"36":0,"37":2,"38":2,"39":0,"40":2,"41":0,"42":2,"43":2,"44":0,"45":2,"46":0,"47":2,"48":2,"49":0,"50":2,"51":0,"52":2,"53":4,"54":4,"55":0,"56":0,"57":0,"58":2,"59":2,"60":0,"61":0,"62":0,"63":0,"64":0,"65":2,"66":0,"67":4,"68":4,"69":4,"70":2,"71":2,"72":4,"73":2,"74":0,"75":0,"76":4,"77":2,"78":2,"79":2,"80":0,"81":2,"82":0,"83":2,"84":2,"85":0,"86":0,"87":0,"88":0,"89":0,"90":0,"91":0,"92":0,"93":0,"94":0,"95":0,"96":0,"97":0,"98":0,"99":0,"100":0,"101":0,"102":0,"103":0,"104":0,"105":0,"106":0,"107":4,"108":0,"109":4,"110":0,"111":0,"112":0,"113":0,"114":0,"115":0,"116":0,"117":0,"118":0,"119":0,"120":0,"121":0,"122":0,"123":0,"124":0,"125":0,"126":0,"127":0,"128":0,"129":0,"130":0,"131":0,"132":0,"133":0,"134":0,"135":0,"136":0,"137":0,"138":0,"139":0,"140":0,"141":0,"142":0,"143":0,"144":0,"145":0,"146":0,"147":0,"148":0,"149":0,"150":0,"151":0,"152":0,"153":0,"154":0,"155":0,"156":0,"157":0,"158":0,"159":0,"160":0,"161":0,"162":4,"163":0,"164":0,"165":0,"166":0,"167":0,"168":0,"169":4,"170":0,"171":0,"172":0,"173":0,"174":0,"175":0,"176":4,"177":0,"178":0,"179":4,"180":0,"181":4,"182":2,"183":0,"184":4,"185":2,"186":0,"187":4,"188":4,"189":4,"190":4,"191":4,"192":4,"193":4,"194":4,"195":4,"196":2,"197":4,"198":4,"199":4},"f":{"0":4,"1":0,"2":0,"3":2,"4":2,"5":2,"6":2,"7":4,"8":2,"9":2,"10":2,"11":0,"12":0,"13":0,"14":0,"15":0,"16":0,"17":0,"18":0,"19":0,"20":0,"21":0,"22":0,"23":0,"24":2,"25":2,"26":4,"27":4,"28":4,"29":2,"30":4},"b":{"0":[0],"1":[4],"2":[4],"3":[4],"4":[4],"5":[4],"6":[4],"7":[4],"8":[4],"9":[4],"10":[4],"11":[4],"12":[4],"13":[4],"14":[4],"15":[4],"16":[4],"17":[4],"18":[4],"19":[4],"20":[4],"21":[0,2],"22":[2,0],"23":[0,0],"24":[2,2],"25":[0,2],"26":[2,0],"27":[0,2],"28":[2,0,0],"29":[2,0],"30":[2,2],"31":[0,2],"32":[2,0],"33":[0,2],"34":[2,0,0],"35":[0,2],"36":[2,0],"37":[0,2],"38":[2,0,0,0],"39":[0,2],"40":[2,0],"41":[2,0],"42":[0,2],"43":[2,2,0],"44":[0,2],"45":[2,2,0],"46":[0,2],"47":[0,2],"48":[2,0,0],"49":[0,2],"50":[2,0,0],"51":[0,2],"52":[0,2],"53":[2,0,0],"54":[0,2],"55":[2,0,0],"56":[0,0,0,2,0,0,0,2,0],"57":[0,2],"58":[2,0],"59":[2,2,0],"60":[0,2],"61":[0,2],"62":[2,2,0],"63":[0,2],"64":[2,2,0],"65":[0,2],"66":[0,0],"67":[0,0],"68":[0,0],"69":[0,0],"70":[0,0,0],"71":[0,0],"72":[0,0,0],"73":[0,0],"74":[0,0],"75":[0,0,0],"76":[0,0],"77":[0,0,0],"78":[0,0],"79":[0,0],"80":[0,0],"81":[0,0],"82":[0,0],"83":[0,0],"84":[0,0],"85":[0,0],"86":[0,0],"87":[0,0],"88":[0,0],"89":[0,0,0],"90":[0,0],"91":[0,0],"92":[0,0],"93":[0,0],"94":[0,0],"95":[0,0],"96":[0,0],"97":[0,0],"98":[0,0],"99":[0,0,0],"100":[0,0],"101":[0,0,0,0],"102":[0,0],"103":[0,0,0,0],"104":[0,0],"105":[0,0,0,0],"106":[0,0],"107":[0,0],"108":[0,0,0,0],"109":[0,0],"110":[0,0],"111":[0,0],"112":[0,0],"113":[0,0],"114":[0,0],"115":[0,0],"116":[0,0],"117":[0,0],"118":[0,0],"119":[0,0],"120":[0,0],"121":[0,0],"122":[0,0],"123":[0,0],"124":[0,2],"125":[2,0,0],"126":[0,2],"127":[2,0]},"_coverageSchema":"1a1c01bbd47fc00a2c39e90264f33305004495a9","hash":"226924b98553d6f430bee8a3c88b6e617bd53971"}
,"/Users/pavankommi/Repo/kommix/rndtpkr/src/enums.ts": {"path":"/Users/pavankommi/Repo/kommix/rndtpkr/src/enums.ts","statementMap":{"0":{"start":{"line":14,"column":32},"end":{"line":14,"column":35}},"1":{"start":{"line":15,"column":31},"end":{"line":15,"column":33}}},"fnMap":{},"branchMap":{},"s":{"0":2,"1":2},"f":{},"b":{},"_coverageSchema":"1a1c01bbd47fc00a2c39e90264f33305004495a9","hash":"16ff360fa16c8743347d4e625be70be75d695ff5"}
,"/Users/pavankommi/Repo/kommix/rndtpkr/src/numerals.ts": {"path":"/Users/pavankommi/Repo/kommix/rndtpkr/src/numerals.ts","statementMap":{"0":{"start":{"line":1,"column":30},"end":{"line":3,"column":10}}},"fnMap":{},"branchMap":{},"s":{"0":2},"f":{},"b":{},"_coverageSchema":"1a1c01bbd47fc00a2c39e90264f33305004495a9","hash":"5a70d4f0824d020f83f256107ad57f4f83632ec4"}
,"/Users/pavankommi/Repo/kommix/rndtpkr/src/theme.ts": {"path":"/Users/pavankommi/Repo/kommix/rndtpkr/src/theme.ts","statementMap":{"0":{"start":{"line":13,"column":33},"end":{"line":74,"column":3}},"1":{"start":{"line":76,"column":2},"end":{"line":76,"column":20}},"2":{"start":{"line":80,"column":22},"end":{"line":80,"column":38}},"3":{"start":{"line":81,"column":16},"end":{"line":81,"column":50}},"4":{"start":{"line":83,"column":25},"end":{"line":198,"column":3}},"5":{"start":{"line":200,"column":2},"end":{"line":200,"column":16}},"6":{"start":{"line":203,"column":22},"end":{"line":242,"column":1}}},"fnMap":{"0":{"name":"useDefaultClassNames","decl":{"start":{"line":12,"column":16},"end":{"line":12,"column":36}},"loc":{"start":{"line":12,"column":51},"end":{"line":77,"column":1}},"line":12},"1":{"name":"useDefaultStyles","decl":{"start":{"line":79,"column":16},"end":{"line":79,"column":32}},"loc":{"start":{"line":79,"column":68},"end":{"line":201,"column":1}},"line":79}},"branchMap":{"0":{"loc":{"start":{"line":81,"column":16},"end":{"line":81,"column":50}},"type":"binary-expr","locations":[{"start":{"line":81,"column":16},"end":{"line":81,"column":22}},{"start":{"line":81,"column":27},"end":{"line":81,"column":38}},{"start":{"line":81,"column":42},"end":{"line":81,"column":49}}],"line":81}},"s":{"0":0,"1":0,"2":0,"3":0,"4":0,"5":0,"6":2},"f":{"0":0,"1":0},"b":{"0":[0,0,0]},"_coverageSchema":"1a1c01bbd47fc00a2c39e90264f33305004495a9","hash":"9157fb7ce63879d607ee6105cff5ecfef078482b"}
,"/Users/pavankommi/Repo/kommix/rndtpkr/src/ui.ts": {"path":"/Users/pavankommi/Repo/kommix/rndtpkr/src/ui.ts","statementMap":{},"fnMap":{},"branchMap":{},"s":{},"f":{},"b":{},"_coverageSchema":"1a1c01bbd47fc00a2c39e90264f33305004495a9","hash":"cef9b2f1be882701afd46f9e7ea1e4769dda7252"}
,"/Users/pavankommi/Repo/kommix/rndtpkr/src/utils.ts": {"path":"/Users/pavankommi/Repo/kommix/rndtpkr/src/utils.ts","statementMap":{"0":{"start":{"line":15,"column":31},"end":{"line":15,"column":49}},"1":{"start":{"line":16,"column":27},"end":{"line":16,"column":39}},"2":{"start":{"line":17,"column":30},"end":{"line":17,"column":32}},"3":{"start":{"line":18,"column":36},"end":{"line":18,"column":57}},"4":{"start":{"line":19,"column":29},"end":{"line":48,"column":1}},"5":{"start":{"line":50,"column":35},"end":{"line":51,"column":34}},"6":{"start":{"line":51,"column":2},"end":{"line":51,"column":34}},"7":{"start":{"line":53,"column":31},"end":{"line":54,"column":58}},"8":{"start":{"line":54,"column":2},"end":{"line":54,"column":58}},"9":{"start":{"line":56,"column":25},"end":{"line":56,"column":45}},"10":{"start":{"line":56,"column":31},"end":{"line":56,"column":45}},"11":{"start":{"line":58,"column":28},"end":{"line":58,"column":68}},"12":{"start":{"line":58,"column":47},"end":{"line":58,"column":68}},"13":{"start":{"line":65,"column":30},"end":{"line":77,"column":1}},"14":{"start":{"line":66,"column":21},"end":{"line":66,"column":35}},"15":{"start":{"line":67,"column":26},"end":{"line":67,"column":45}},"16":{"start":{"line":69,"column":2},"end":{"line":76,"column":6}},"17":{"start":{"line":69,"column":42},"end":{"line":76,"column":3}},"18":{"start":{"line":88,"column":27},"end":{"line":114,"column":1}},"19":{"start":{"line":92,"column":2},"end":{"line":92,"column":23}},"20":{"start":{"line":94,"column":23},"end":{"line":94,"column":39}},"21":{"start":{"line":95,"column":28},"end":{"line":95,"column":49}},"22":{"start":{"line":96,"column":26},"end":{"line":96,"column":45}},"23":{"start":{"line":98,"column":33},"end":{"line":105,"column":5}},"24":{"start":{"line":98,"column":68},"end":{"line":105,"column":3}},"25":{"start":{"line":107,"column":2},"end":{"line":112,"column":3}},"26":{"start":{"line":108,"column":4},"end":{"line":111,"column":24}},"27":{"start":{"line":113,"column":2},"end":{"line":113,"column":18}},"28":{"start":{"line":116,"column":27},"end":{"line":117,"column":37}},"29":{"start":{"line":117,"column":2},"end":{"line":117,"column":37}},"30":{"start":{"line":119,"column":28},"end":{"line":119,"column":67}},"31":{"start":{"line":119,"column":48},"end":{"line":119,"column":67}},"32":{"start":{"line":121,"column":27},"end":{"line":121,"column":65}},"33":{"start":{"line":121,"column":47},"end":{"line":121,"column":65}},"34":{"start":{"line":132,"column":2},"end":{"line":134,"column":3}},"35":{"start":{"line":133,"column":4},"end":{"line":133,"column":17}},"36":{"start":{"line":136,"column":17},"end":{"line":136,"column":45}},"37":{"start":{"line":137,"column":17},"end":{"line":137,"column":45}},"38":{"start":{"line":139,"column":2},"end":{"line":139,"column":27}},"39":{"start":{"line":160,"column":2},"end":{"line":162,"column":3}},"40":{"start":{"line":161,"column":4},"end":{"line":161,"column":17}},"41":{"start":{"line":164,"column":2},"end":{"line":164,"column":60}},"42":{"start":{"line":189,"column":2},"end":{"line":191,"column":3}},"43":{"start":{"line":190,"column":4},"end":{"line":190,"column":16}},"44":{"start":{"line":192,"column":2},"end":{"line":194,"column":3}},"45":{"start":{"line":193,"column":4},"end":{"line":193,"column":16}},"46":{"start":{"line":196,"column":2},"end":{"line":214,"column":3}},"47":{"start":{"line":197,"column":4},"end":{"line":204,"column":5}},"48":{"start":{"line":198,"column":24},"end":{"line":200,"column":7}},"49":{"start":{"line":199,"column":8},"end":{"line":199,"column":44}},"50":{"start":{"line":201,"column":6},"end":{"line":201,"column":24}},"51":{"start":{"line":202,"column":11},"end":{"line":204,"column":5}},"52":{"start":{"line":203,"column":6},"end":{"line":203,"column":33}},"53":{"start":{"line":205,"column":9},"end":{"line":214,"column":3}},"54":{"start":{"line":206,"column":4},"end":{"line":213,"column":5}},"55":{"start":{"line":207,"column":25},"end":{"line":209,"column":7}},"56":{"start":{"line":208,"column":8},"end":{"line":208,"column":45}},"57":{"start":{"line":210,"column":6},"end":{"line":210,"column":24}},"58":{"start":{"line":211,"column":11},"end":{"line":213,"column":5}},"59":{"start":{"line":212,"column":6},"end":{"line":212,"column":33}},"60":{"start":{"line":216,"column":2},"end":{"line":216,"column":15}},"61":{"start":{"line":237,"column":2},"end":{"line":237,"column":58}},"62":{"start":{"line":237,"column":46},"end":{"line":237,"column":58}},"63":{"start":{"line":238,"column":2},"end":{"line":238,"column":58}},"64":{"start":{"line":238,"column":46},"end":{"line":238,"column":58}},"65":{"start":{"line":240,"column":2},"end":{"line":240,"column":15}},"66":{"start":{"line":263,"column":2},"end":{"line":268,"column":16}},"67":{"start":{"line":268,"column":4},"end":{"line":268,"column":16}},"68":{"start":{"line":269,"column":2},"end":{"line":274,"column":16}},"69":{"start":{"line":274,"column":4},"end":{"line":274,"column":16}},"70":{"start":{"line":276,"column":2},"end":{"line":276,"column":15}},"71":{"start":{"line":287,"column":31},"end":{"line":288,"column":28}},"72":{"start":{"line":288,"column":2},"end":{"line":288,"column":28}},"73":{"start":{"line":297,"column":23},"end":{"line":297,"column":54}},"74":{"start":{"line":297,"column":43},"end":{"line":297,"column":54}},"75":{"start":{"line":306,"column":28},"end":{"line":314,"column":1}},"76":{"start":{"line":307,"column":18},"end":{"line":307,"column":67}},"77":{"start":{"line":308,"column":18},"end":{"line":308,"column":71}},"78":{"start":{"line":310,"column":2},"end":{"line":312,"column":3}},"79":{"start":{"line":311,"column":4},"end":{"line":311,"column":18}},"80":{"start":{"line":313,"column":2},"end":{"line":313,"column":73}},"81":{"start":{"line":313,"column":58},"end":{"line":313,"column":71}},"82":{"start":{"line":330,"column":29},"end":{"line":330,"column":54}},"83":{"start":{"line":332,"column":24},"end":{"line":332,"column":66}},"84":{"start":{"line":333,"column":19},"end":{"line":333,"column":55}},"85":{"start":{"line":334,"column":26},"end":{"line":334,"column":44}},"86":{"start":{"line":335,"column":26},"end":{"line":335,"column":63}},"87":{"start":{"line":336,"column":26},"end":{"line":336,"column":62}},"88":{"start":{"line":337,"column":26},"end":{"line":341,"column":7}},"89":{"start":{"line":344,"column":4},"end":{"line":344,"column":58}},"90":{"start":{"line":346,"column":2},"end":{"line":352,"column":4}},"91":{"start":{"line":367,"column":12},"end":{"line":367,"column":25}},"92":{"start":{"line":368,"column":2},"end":{"line":368,"column":42}},"93":{"start":{"line":379,"column":2},"end":{"line":379,"column":36}},"94":{"start":{"line":390,"column":2},"end":{"line":390,"column":34}},"95":{"start":{"line":401,"column":2},"end":{"line":401,"column":28}},"96":{"start":{"line":415,"column":2},"end":{"line":415,"column":68}},"97":{"start":{"line":425,"column":29},"end":{"line":434,"column":1}},"98":{"start":{"line":426,"column":2},"end":{"line":433,"column":4}},"99":{"start":{"line":453,"column":28},"end":{"line":523,"column":1}},"100":{"start":{"line":467,"column":15},"end":{"line":467,"column":30}},"101":{"start":{"line":469,"column":19},"end":{"line":486,"column":39}},"102":{"start":{"line":471,"column":23},"end":{"line":471,"column":68}},"103":{"start":{"line":472,"column":24},"end":{"line":472,"column":58}},"104":{"start":{"line":473,"column":8},"end":{"line":484,"column":10}},"105":{"start":{"line":488,"column":22},"end":{"line":503,"column":4}},"106":{"start":{"line":489,"column":16},"end":{"line":489,"column":25}},"107":{"start":{"line":490,"column":20},"end":{"line":490,"column":34}},"108":{"start":{"line":491,"column":4},"end":{"line":502,"column":6}},"109":{"start":{"line":505,"column":19},"end":{"line":520,"column":4}},"110":{"start":{"line":506,"column":16},"end":{"line":506,"column":25}},"111":{"start":{"line":507,"column":20},"end":{"line":507,"column":50}},"112":{"start":{"line":508,"column":4},"end":{"line":519,"column":6}},"113":{"start":{"line":522,"column":2},"end":{"line":522,"column":52}},"114":{"start":{"line":540,"column":28},"end":{"line":569,"column":1}},"115":{"start":{"line":552,"column":22},"end":{"line":552,"column":76}},"116":{"start":{"line":554,"column":2},"end":{"line":568,"column":4}},"117":{"start":{"line":572,"column":2},"end":{"line":572,"column":31}},"118":{"start":{"line":584,"column":14},"end":{"line":584,"column":25}},"119":{"start":{"line":585,"column":18},"end":{"line":585,"column":33}},"120":{"start":{"line":587,"column":2},"end":{"line":593,"column":3}},"121":{"start":{"line":589,"column":28},"end":{"line":589,"column":61}},"122":{"start":{"line":591,"column":4},"end":{"line":591,"column":24}},"123":{"start":{"line":592,"column":4},"end":{"line":592,"column":27}},"124":{"start":{"line":595,"column":2},"end":{"line":595,"column":26}},"125":{"start":{"line":599,"column":43},"end":{"line":599,"column":45}},"126":{"start":{"line":600,"column":24},"end":{"line":600,"column":48}},"127":{"start":{"line":602,"column":2},"end":{"line":604,"column":3}},"128":{"start":{"line":602,"column":15},"end":{"line":602,"column":16}},"129":{"start":{"line":603,"column":4},"end":{"line":603,"column":47}},"130":{"start":{"line":606,"column":2},"end":{"line":606,"column":18}},"131":{"start":{"line":610,"column":19},"end":{"line":610,"column":40}},"132":{"start":{"line":611,"column":2},"end":{"line":611,"column":67}},"133":{"start":{"line":611,"column":41},"end":{"line":611,"column":65}},"134":{"start":{"line":615,"column":2},"end":{"line":615,"column":51}}},"fnMap":{"0":{"name":"(anonymous_0)","decl":{"start":{"line":50,"column":35},"end":{"line":50,"column":36}},"loc":{"start":{"line":51,"column":2},"end":{"line":51,"column":34}},"line":51},"1":{"name":"(anonymous_1)","decl":{"start":{"line":53,"column":31},"end":{"line":53,"column":32}},"loc":{"start":{"line":54,"column":2},"end":{"line":54,"column":58}},"line":54},"2":{"name":"(anonymous_2)","decl":{"start":{"line":56,"column":25},"end":{"line":56,"column":26}},"loc":{"start":{"line":56,"column":31},"end":{"line":56,"column":45}},"line":56},"3":{"name":"(anonymous_3)","decl":{"start":{"line":58,"column":28},"end":{"line":58,"column":29}},"loc":{"start":{"line":58,"column":47},"end":{"line":58,"column":68}},"line":58},"4":{"name":"(anonymous_4)","decl":{"start":{"line":65,"column":30},"end":{"line":65,"column":31}},"loc":{"start":{"line":65,"column":53},"end":{"line":77,"column":1}},"line":65},"5":{"name":"(anonymous_5)","decl":{"start":{"line":69,"column":24},"end":{"line":69,"column":25}},"loc":{"start":{"line":69,"column":42},"end":{"line":76,"column":3}},"line":69},"6":{"name":"(anonymous_6)","decl":{"start":{"line":88,"column":27},"end":{"line":88,"column":28}},"loc":{"start":{"line":91,"column":21},"end":{"line":114,"column":1}},"line":91},"7":{"name":"(anonymous_7)","decl":{"start":{"line":98,"column":50},"end":{"line":98,"column":51}},"loc":{"start":{"line":98,"column":68},"end":{"line":105,"column":3}},"line":98},"8":{"name":"(anonymous_8)","decl":{"start":{"line":116,"column":27},"end":{"line":116,"column":28}},"loc":{"start":{"line":117,"column":2},"end":{"line":117,"column":37}},"line":117},"9":{"name":"(anonymous_9)","decl":{"start":{"line":119,"column":28},"end":{"line":119,"column":29}},"loc":{"start":{"line":119,"column":48},"end":{"line":119,"column":67}},"line":119},"10":{"name":"(anonymous_10)","decl":{"start":{"line":121,"column":27},"end":{"line":121,"column":28}},"loc":{"start":{"line":121,"column":47},"end":{"line":121,"column":65}},"line":121},"11":{"name":"areDatesOnSameDay","decl":{"start":{"line":131,"column":16},"end":{"line":131,"column":33}},"loc":{"start":{"line":131,"column":60},"end":{"line":140,"column":1}},"line":131},"12":{"name":"isDateBetween","decl":{"start":{"line":150,"column":16},"end":{"line":150,"column":29}},"loc":{"start":{"line":159,"column":11},"end":{"line":165,"column":1}},"line":159},"13":{"name":"isDateDisabled","decl":{"start":{"line":175,"column":16},"end":{"line":175,"column":30}},"loc":{"start":{"line":188,"column":11},"end":{"line":217,"column":1}},"line":188},"14":{"name":"(anonymous_14)","decl":{"start":{"line":198,"column":42},"end":{"line":198,"column":43}},"loc":{"start":{"line":199,"column":8},"end":{"line":199,"column":44}},"line":199},"15":{"name":"(anonymous_15)","decl":{"start":{"line":207,"column":44},"end":{"line":207,"column":45}},"loc":{"start":{"line":208,"column":8},"end":{"line":208,"column":45}},"line":208},"16":{"name":"isYearDisabled","decl":{"start":{"line":227,"column":16},"end":{"line":227,"column":30}},"loc":{"start":{"line":236,"column":11},"end":{"line":241,"column":1}},"line":236},"17":{"name":"isMonthDisabled","decl":{"start":{"line":252,"column":16},"end":{"line":252,"column":31}},"loc":{"start":{"line":262,"column":11},"end":{"line":277,"column":1}},"line":262},"18":{"name":"(anonymous_18)","decl":{"start":{"line":287,"column":31},"end":{"line":287,"column":32}},"loc":{"start":{"line":288,"column":2},"end":{"line":288,"column":28}},"line":288},"19":{"name":"(anonymous_19)","decl":{"start":{"line":297,"column":23},"end":{"line":297,"column":24}},"loc":{"start":{"line":297,"column":43},"end":{"line":297,"column":54}},"line":297},"20":{"name":"(anonymous_20)","decl":{"start":{"line":306,"column":28},"end":{"line":306,"column":29}},"loc":{"start":{"line":306,"column":46},"end":{"line":314,"column":1}},"line":306},"21":{"name":"(anonymous_21)","decl":{"start":{"line":313,"column":48},"end":{"line":313,"column":49}},"loc":{"start":{"line":313,"column":58},"end":{"line":313,"column":71}},"line":313},"22":{"name":"getDaysInMonth","decl":{"start":{"line":325,"column":16},"end":{"line":325,"column":30}},"loc":{"start":{"line":329,"column":2},"end":{"line":353,"column":1}},"line":329},"23":{"name":"getFirstDayOfMonth","decl":{"start":{"line":363,"column":16},"end":{"line":363,"column":34}},"loc":{"start":{"line":366,"column":10},"end":{"line":369,"column":1}},"line":366},"24":{"name":"getStartOfDay","decl":{"start":{"line":378,"column":16},"end":{"line":378,"column":29}},"loc":{"start":{"line":378,"column":56},"end":{"line":380,"column":1}},"line":378},"25":{"name":"getEndOfDay","decl":{"start":{"line":389,"column":16},"end":{"line":389,"column":27}},"loc":{"start":{"line":389,"column":54},"end":{"line":391,"column":1}},"line":389},"26":{"name":"dateToUnix","decl":{"start":{"line":400,"column":16},"end":{"line":400,"column":26}},"loc":{"start":{"line":400,"column":51},"end":{"line":402,"column":1}},"line":400},"27":{"name":"removeTime","decl":{"start":{"line":411,"column":16},"end":{"line":411,"column":26}},"loc":{"start":{"line":414,"column":12},"end":{"line":416,"column":1}},"line":414},"28":{"name":"(anonymous_28)","decl":{"start":{"line":425,"column":29},"end":{"line":425,"column":30}},"loc":{"start":{"line":425,"column":49},"end":{"line":434,"column":1}},"line":425},"29":{"name":"(anonymous_29)","decl":{"start":{"line":453,"column":28},"end":{"line":453,"column":29}},"loc":{"start":{"line":466,"column":20},"end":{"line":523,"column":1}},"line":466},"30":{"name":"(anonymous_30)","decl":{"start":{"line":470,"column":46},"end":{"line":470,"column":47}},"loc":{"start":{"line":470,"column":60},"end":{"line":485,"column":7}},"line":470},"31":{"name":"(anonymous_31)","decl":{"start":{"line":488,"column":65},"end":{"line":488,"column":66}},"loc":{"start":{"line":488,"column":79},"end":{"line":503,"column":3}},"line":488},"32":{"name":"(anonymous_32)","decl":{"start":{"line":505,"column":59},"end":{"line":505,"column":60}},"loc":{"start":{"line":505,"column":73},"end":{"line":520,"column":3}},"line":505},"33":{"name":"(anonymous_33)","decl":{"start":{"line":540,"column":28},"end":{"line":540,"column":29}},"loc":{"start":{"line":551,"column":5},"end":{"line":569,"column":1}},"line":551},"34":{"name":"cn","decl":{"start":{"line":571,"column":16},"end":{"line":571,"column":18}},"loc":{"start":{"line":571,"column":44},"end":{"line":573,"column":1}},"line":571},"35":{"name":"useDeepCompareMemo","decl":{"start":{"line":583,"column":16},"end":{"line":583,"column":34}},"loc":{"start":{"line":583,"column":64},"end":{"line":596,"column":1}},"line":583},"36":{"name":"(anonymous_36)","decl":{"start":{"line":589,"column":16},"end":{"line":589,"column":17}},"loc":{"start":{"line":589,"column":28},"end":{"line":589,"column":61}},"line":589},"37":{"name":"getDigitMap","decl":{"start":{"line":598,"column":9},"end":{"line":598,"column":20}},"loc":{"start":{"line":598,"column":65},"end":{"line":607,"column":1}},"line":598},"38":{"name":"replaceDigits","decl":{"start":{"line":609,"column":9},"end":{"line":609,"column":22}},"loc":{"start":{"line":609,"column":66},"end":{"line":612,"column":1}},"line":609},"39":{"name":"(anonymous_39)","decl":{"start":{"line":611,"column":30},"end":{"line":611,"column":31}},"loc":{"start":{"line":611,"column":41},"end":{"line":611,"column":65}},"line":611},"40":{"name":"formatNumber","decl":{"start":{"line":614,"column":16},"end":{"line":614,"column":28}},"loc":{"start":{"line":614,"column":72},"end":{"line":616,"column":1}},"line":614}},"branchMap":{"0":{"loc":{"start":{"line":54,"column":2},"end":{"line":54,"column":58}},"type":"binary-expr","locations":[{"start":{"line":54,"column":2},"end":{"line":54,"column":38}},{"start":{"line":54,"column":42},"end":{"line":54,"column":58}}],"line":54},"1":{"loc":{"start":{"line":73,"column":13},"end":{"line":73,"column":41}},"type":"binary-expr","locations":[{"start":{"line":73,"column":13},"end":{"line":73,"column":35}},{"start":{"line":73,"column":39},"end":{"line":73,"column":41}}],"line":73},"2":{"loc":{"start":{"line":102,"column":13},"end":{"line":102,"column":43}},"type":"binary-expr","locations":[{"start":{"line":102,"column":13},"end":{"line":102,"column":37}},{"start":{"line":102,"column":41},"end":{"line":102,"column":43}}],"line":102},"3":{"loc":{"start":{"line":103,"column":11},"end":{"line":103,"column":39}},"type":"binary-expr","locations":[{"start":{"line":103,"column":11},"end":{"line":103,"column":33}},{"start":{"line":103,"column":37},"end":{"line":103,"column":39}}],"line":103},"4":{"loc":{"start":{"line":107,"column":2},"end":{"line":112,"column":3}},"type":"if","locations":[{"start":{"line":107,"column":2},"end":{"line":112,"column":3}},{"start":{},"end":{}}],"line":107},"5":{"loc":{"start":{"line":132,"column":2},"end":{"line":134,"column":3}},"type":"if","locations":[{"start":{"line":132,"column":2},"end":{"line":134,"column":3}},{"start":{},"end":{}}],"line":132},"6":{"loc":{"start":{"line":132,"column":6},"end":{"line":132,"column":14}},"type":"binary-expr","locations":[{"start":{"line":132,"column":6},"end":{"line":132,"column":8}},{"start":{"line":132,"column":12},"end":{"line":132,"column":14}}],"line":132},"7":{"loc":{"start":{"line":160,"column":2},"end":{"line":162,"column":3}},"type":"if","locations":[{"start":{"line":160,"column":2},"end":{"line":162,"column":3}},{"start":{},"end":{}}],"line":160},"8":{"loc":{"start":{"line":160,"column":6},"end":{"line":160,"column":28}},"type":"binary-expr","locations":[{"start":{"line":160,"column":6},"end":{"line":160,"column":16}},{"start":{"line":160,"column":20},"end":{"line":160,"column":28}}],"line":160},"9":{"loc":{"start":{"line":164,"column":9},"end":{"line":164,"column":59}},"type":"binary-expr","locations":[{"start":{"line":164,"column":9},"end":{"line":164,"column":31}},{"start":{"line":164,"column":35},"end":{"line":164,"column":59}}],"line":164},"10":{"loc":{"start":{"line":189,"column":2},"end":{"line":191,"column":3}},"type":"if","locations":[{"start":{"line":189,"column":2},"end":{"line":191,"column":3}},{"start":{},"end":{}}],"line":189},"11":{"loc":{"start":{"line":189,"column":6},"end":{"line":189,"column":61}},"type":"binary-expr","locations":[{"start":{"line":189,"column":6},"end":{"line":189,"column":13}},{"start":{"line":189,"column":17},"end":{"line":189,"column":61}}],"line":189},"12":{"loc":{"start":{"line":192,"column":2},"end":{"line":194,"column":3}},"type":"if","locations":[{"start":{"line":192,"column":2},"end":{"line":194,"column":3}},{"start":{},"end":{}}],"line":192},"13":{"loc":{"start":{"line":192,"column":6},"end":{"line":192,"column":58}},"type":"binary-expr","locations":[{"start":{"line":192,"column":6},"end":{"line":192,"column":13}},{"start":{"line":192,"column":17},"end":{"line":192,"column":58}}],"line":192},"14":{"loc":{"start":{"line":196,"column":2},"end":{"line":214,"column":3}},"type":"if","locations":[{"start":{"line":196,"column":2},"end":{"line":214,"column":3}},{"start":{"line":205,"column":9},"end":{"line":214,"column":3}}],"line":196},"15":{"loc":{"start":{"line":197,"column":4},"end":{"line":204,"column":5}},"type":"if","locations":[{"start":{"line":197,"column":4},"end":{"line":204,"column":5}},{"start":{"line":202,"column":11},"end":{"line":204,"column":5}}],"line":197},"16":{"loc":{"start":{"line":202,"column":11},"end":{"line":204,"column":5}},"type":"if","locations":[{"start":{"line":202,"column":11},"end":{"line":204,"column":5}},{"start":{},"end":{}}],"line":202},"17":{"loc":{"start":{"line":205,"column":9},"end":{"line":214,"column":3}},"type":"if","locations":[{"start":{"line":205,"column":9},"end":{"line":214,"column":3}},{"start":{},"end":{}}],"line":205},"18":{"loc":{"start":{"line":206,"column":4},"end":{"line":213,"column":5}},"type":"if","locations":[{"start":{"line":206,"column":4},"end":{"line":213,"column":5}},{"start":{"line":211,"column":11},"end":{"line":213,"column":5}}],"line":206},"19":{"loc":{"start":{"line":211,"column":11},"end":{"line":213,"column":5}},"type":"if","locations":[{"start":{"line":211,"column":11},"end":{"line":213,"column":5}},{"start":{},"end":{}}],"line":211},"20":{"loc":{"start":{"line":237,"column":2},"end":{"line":237,"column":58}},"type":"if","locations":[{"start":{"line":237,"column":2},"end":{"line":237,"column":58}},{"start":{},"end":{}}],"line":237},"21":{"loc":{"start":{"line":237,"column":6},
[...]
d":{"line":136,"column":4}},"62":{"start":{"line":139,"column":25},"end":{"line":147,"column":1}},"63":{"start":{"line":143,"column":2},"end":{"line":146,"column":4}}},"fnMap":{"0":{"name":"(anonymous_0)","decl":{"start":{"line":21,"column":45},"end":{"line":21,"column":46}},"loc":{"start":{"line":33,"column":6},"end":{"line":137,"column":1}},"line":33},"1":{"name":"(anonymous_1)","decl":{"start":{"line":37,"column":17},"end":{"line":37,"column":18}},"loc":{"start":{"line":37,"column":23},"end":{"line":44,"column":5}},"line":37},"2":{"name":"(anonymous_2)","decl":{"start":{"line":45,"column":18},"end":{"line":45,"column":19}},"loc":{"start":{"line":45,"column":24},"end":{"line":57,"column":5}},"line":45},"3":{"name":"(anonymous_3)","decl":{"start":{"line":61,"column":17},"end":{"line":61,"column":18}},"loc":{"start":{"line":61,"column":23},"end":{"line":68,"column":5}},"line":61},"4":{"name":"(anonymous_4)","decl":{"start":{"line":69,"column":18},"end":{"line":69,"column":19}},"loc":{"start":{"line":69,"column":24},"end":{"line":77,"column":5}},"line":69},"5":{"name":"(anonymous_5)","decl":{"start":{"line":81,"column":17},"end":{"line":81,"column":18}},"loc":{"start":{"line":81,"column":23},"end":{"line":88,"column":5}},"line":81},"6":{"name":"(anonymous_6)","decl":{"start":{"line":89,"column":18},"end":{"line":89,"column":19}},"loc":{"start":{"line":89,"column":24},"end":{"line":97,"column":5}},"line":89},"7":{"name":"(anonymous_7)","decl":{"start":{"line":101,"column":17},"end":{"line":101,"column":18}},"loc":{"start":{"line":101,"column":23},"end":{"line":108,"column":5}},"line":101},"8":{"name":"(anonymous_8)","decl":{"start":{"line":109,"column":18},"end":{"line":109,"column":19}},"loc":{"start":{"line":109,"column":24},"end":{"line":117,"column":5}},"line":109},"9":{"name":"(anonymous_9)","decl":{"start":{"line":139,"column":25},"end":{"line":139,"column":26}},"loc":{"start":{"line":142,"column":5},"end":{"line":147,"column":1}},"line":142}},"branchMap":{"0":{"loc":{"start":{"line":144,"column":4},"end":{"line":145,"column":53}},"type":"binary-expr","locations":[{"start":{"line":144,"column":4},"end":{"line":144,"column":55}},{"start":{"line":145,"column":4},"end":{"line":145,"column":53}}],"line":144}},"s":{"0":2,"1":0,"2":0,"3":0,"4":0,"5":0,"6":0,"7":0,"8":0,"9":0,"10":0,"11":0,"12":0,"13":0,"14":0,"15":0,"16":0,"17":0,"18":0,"19":0,"20":0,"21":0,"22":0,"23":0,"24":0,"25":0,"26":0,"27":0,"28":0,"29":0,"30":0,"31":0,"32":0,"33":0,"34":0,"35":0,"36":0,"37":0,"38":0,"39":0,"40":0,"41":0,"42":0,"43":0,"44":0,"45":0,"46":0,"47":0,"48":0,"49":0,"50":0,"51":0,"52":0,"53":0,"54":0,"55":0,"56":0,"57":0,"58":0,"59":0,"60":0,"61":0,"62":2,"63":0},"f":{"0":0,"1":0,"2":0,"3":0,"4":0,"5":0,"6":0,"7":0,"8":0,"9":0},"b":{"0":[0,0]},"_coverageSchema":"1a1c01bbd47fc00a2c39e90264f33305004495a9","hash":"3e22efab466df8f9111d4dbd56344b5995c63de0"}
,"/Users/pavankommi/Repo/kommix/rndtpkr/src/components/time-picker/wheel-picker/wheel-picker.style.ts": {"path":"/Users/pavankommi/Repo/kommix/rndtpkr/src/components/time-picker/wheel-picker/wheel-picker.style.ts","statementMap":{},"fnMap":{},"branchMap":{},"s":{},"f":{},"b":{},"_coverageSchema":"1a1c01bbd47fc00a2c39e90264f33305004495a9","hash":"2c12496cfb445bef72f0484f1cf5264341794660"}
,"/Users/pavankommi/Repo/kommix/rndtpkr/src/components/time-picker/wheel-picker/wheel-picker.tsx": {"path":"/Users/pavankommi/Repo/kommix/rndtpkr/src/components/time-picker/wheel-picker/wheel-picker.tsx","statementMap":{"0":{"start":{"line":40,"column":37},"end":{"line":265,"column":1}},"1":{"start":{"line":51,"column":33},"end":{"line":51,"column":41}},"2":{"start":{"line":52,"column":36},"end":{"line":52,"column":58}},"3":{"start":{"line":53,"column":35},"end":{"line":53,"column":53}},"4":{"start":{"line":60,"column":26},"end":{"line":60,"column":39}},"5":{"start":{"line":61,"column":24},"end":{"line":61,"column":73}},"6":{"start":{"line":61,"column":52},"end":{"line":61,"column":72}},"7":{"start":{"line":63,"column":22},"end":{"line":63,"column":44}},"8":{"start":{"line":64,"column":20},"end":{"line":64,"column":76}},"9":{"start":{"line":66,"column":26},"end":{"line":66,"column":60}},"10":{"start":{"line":67,"column":24},"end":{"line":80,"column":43}},"11":{"start":{"line":68,"column":4},"end":{"line":76,"column":5}},"12":{"start":{"line":70,"column":45},"end":{"line":70,"column":57}},"13":{"start":{"line":71,"column":6},"end":{"line":74,"column":7}},"14":{"start":{"line":71,"column":19},"end":{"line":71,"column":20}},"15":{"start":{"line":72,"column":8},"end":{"line":72,"column":28}},"16":{"start":{"line":73,"column":8},"end":{"line":73,"column":25}},"17":{"start":{"line":75,"column":6},"end":{"line":75,"column":19}},"18":{"start":{"line":79,"column":4},"end":{"line":79,"column":48}},"19":{"start":{"line":82,"column":18},"end":{"line":85,"column":3}},"20":{"start":{"line":83,"column":10},"end":{"line":83,"column":72}},"21":{"start":{"line":83,"column":57},"end":{"line":83,"column":71}},"22":{"start":{"line":87,"column":29},"end":{"line":90,"column":3}},"23":{"start":{"line":88,"column":10},"end":{"line":88,"column":73}},"24":{"start":{"line":92,"column":26},"end":{"line":138,"column":3}},"25":{"start":{"line":93,"column":4},"end":{"line":110,"column":5}},"26":{"start":{"line":95,"column":22},"end":{"line":98,"column":7}},"27":{"start":{"line":100,"column":18},"end":{"line":100,"column":50}},"28":{"start":{"line":101,"column":24},"end":{"line":101,"column":44}},"29":{"start":{"line":102,"column":6},"end":{"line":104,"column":7}},"30":{"start":{"line":103,"column":8},"end":{"line":103,"column":16}},"31":{"start":{"line":106,"column":6},"end":{"line":108,"column":7}},"32":{"start":{"line":107,"column":8},"end":{"line":107,"column":45}},"33":{"start":{"line":109,"column":6},"end":{"line":109,"column":13}},"34":{"start":{"line":113,"column":20},"end":{"line":113,"column":53}},"35":{"start":{"line":114,"column":16},"end":{"line":114,"column":48}},"36":{"start":{"line":117,"column":4},"end":{"line":133,"column":5}},"37":{"start":{"line":119,"column":26},"end":{"line":119,"column":48}},"38":{"start":{"line":120,"column":6},"end":{"line":123,"column":9}},"39":{"start":{"line":124,"column":6},"end":{"line":124,"column":26}},"40":{"start":{"line":125,"column":11},"end":{"line":133,"column":5}},"41":{"start":{"line":127,"column":26},"end":{"line":127,"column":48}},"42":{"start":{"line":128,"column":6},"end":{"line":131,"column":9}},"43":{"start":{"line":132,"column":6},"end":{"line":132,"column":26}},"44":{"start":{"line":136,"column":23},"end":{"line":136,"column":45}},"45":{"start":{"line":137,"column":4},"end":{"line":137,"column":46}},"46":{"start":{"line":140,"column":36},"end":{"line":142,"column":3}},"47":{"start":{"line":141,"column":4},"end":{"line":141,"column":35}},"48":{"start":{"line":144,"column":34},"end":{"line":149,"column":3}},"49":{"start":{"line":147,"column":4},"end":{"line":147,"column":36}},"50":{"start":{"line":148,"column":4},"end":{"line":148,"column":27}},"51":{"start":{"line":151,"column":30},"end":{"line":171,"column":3}},"52":{"start":{"line":155,"column":20},"end":{"line":155,"column":54}},"53":{"start":{"line":158,"column":4},"end":{"line":170,"column":11}},"54":{"start":{"line":161,"column":6},"end":{"line":169,"column":7}},"55":{"start":{"line":163,"column":31},"end":{"line":167,"column":9}},"56":{"start":{"line":168,"column":8},"end":{"line":168,"column":47}},"57":{"start":{"line":173,"column":2},"end":{"line":181,"column":31}},"58":{"start":{"line":174,"column":4},"end":{"line":180,"column":5}},"59":{"start":{"line":175,"column":6},"end":{"line":179,"column":8}},"60":{"start":{"line":187,"column":2},"end":{"line":201,"column":65}},"61":{"start":{"line":188,"column":4},"end":{"line":200,"column":5}},"62":{"start":{"line":189,"column":6},"end":{"line":192,"column":9}},"63":{"start":{"line":195,"column":26},"end":{"line":195,"column":56}},"64":{"start":{"line":196,"column":6},"end":{"line":199,"column":9}},"65":{"start":{"line":203,"column":2},"end":{"line":264,"column":4}},"66":{"start":{"line":237,"column":38},"end":{"line":241,"column":9}},"67":{"start":{"line":244,"column":10},"end":{"line":244,"column":72}},"68":{"start":{"line":247,"column":10},"end":{"line":260,"column":12}}},"fnMap":{"0":{"name":"(anonymous_0)","decl":{"start":{"line":40,"column":37},"end":{"line":40,"column":38}},"loc":{"start":{"line":59,"column":6},"end":{"line":265,"column":1}},"line":59},"1":{"name":"(anonymous_1)","decl":{"start":{"line":51,"column":18},"end":{"line":51,"column":19}},"loc":{"start":{"line":51,"column":33},"end":{"line":51,"column":41}},"line":51},"2":{"name":"(anonymous_2)","decl":{"start":{"line":52,"column":21},"end":{"line":52,"column":22}},"loc":{"start":{"line":52,"column":36},"end":{"line":52,"column":58}},"line":52},"3":{"name":"(anonymous_3)","decl":{"start":{"line":53,"column":20},"end":{"line":53,"column":21}},"loc":{"start":{"line":53,"column":35},"end":{"line":53,"column":53}},"line":53},"4":{"name":"(anonymous_4)","decl":{"start":{"line":61,"column":42},"end":{"line":61,"column":43}},"loc":{"start":{"line":61,"column":52},"end":{"line":61,"column":72}},"line":61},"5":{"name":"(anonymous_5)","decl":{"start":{"line":67,"column":32},"end":{"line":67,"column":33}},"loc":{"start":{"line":67,"column":38},"end":{"line":80,"column":3}},"line":67},"6":{"name":"(anonymous_6)","decl":{"start":{"line":83,"column":4},"end":{"line":83,"column":5}},"loc":{"start":{"line":83,"column":10},"end":{"line":83,"column":72}},"line":83},"7":{"name":"(anonymous_7)","decl":{"start":{"line":83,"column":47},"end":{"line":83,"column":48}},"loc":{"start":{"line":83,"column":57},"end":{"line":83,"column":71}},"line":83},"8":{"name":"(anonymous_8)","decl":{"start":{"line":88,"column":4},"end":{"line":88,"column":5}},"loc":{"start":{"line":88,"column":10},"end":{"line":88,"column":73}},"line":88},"9":{"name":"(anonymous_9)","decl":{"start":{"line":92,"column":26},"end":{"line":92,"column":27}},"loc":{"start":{"line":92,"column":78},"end":{"line":138,"column":3}},"line":92},"10":{"name":"(anonymous_10)","decl":{"start":{"line":140,"column":36},"end":{"line":140,"column":37}},"loc":{"start":{"line":140,"column":42},"end":{"line":142,"column":3}},"line":140},"11":{"name":"(anonymous_11)","decl":{"start":{"line":144,"column":34},"end":{"line":144,"column":35}},"loc":{"start":{"line":146,"column":7},"end":{"line":149,"column":3}},"line":146},"12":{"name":"(anonymous_12)","decl":{"start":{"line":151,"column":30},"end":{"line":151,"column":31}},"loc":{"start":{"line":153,"column":7},"end":{"line":171,"column":3}},"line":153},"13":{"name":"(anonymous_13)","decl":{"start":{"line":158,"column":15},"end":{"line":158,"column":16}},"loc":{"start":{"line":158,"column":21},"end":{"line":170,"column":5}},"line":158},"14":{"name":"(anonymous_14)","decl":{"start":{"line":173,"column":12},"end":{"line":173,"column":13}},"loc":{"start":{"line":173,"column":18},"end":{"line":181,"column":3}},"line":173},"15":{"name":"(anonymous_15)","decl":{"start":{"line":187,"column":12},"end":{"line":187,"column":13}},"loc":{"start":{"line":187,"column":18},"end":{"line":201,"column":3}},"line":187},"16":{"name":"(anonymous_16)","decl":{"start":{"line":237,"column":23},"end":{"line":237,"column":24}},"loc":{"start":{"line":237,"column":38},"end":{"line":241,"column":9}},"line":237},"17":{"name":"(anonymous_17)","decl":{"start":{"line":243,"column":22},"end":{"line":243,"column":23}},"loc":{"start":{"line":244,"column":10},"end":{"line":244,"column":72}},"line":244},"18":{"name":"(anonymous_18)","decl":{"start":{"line":246,"column":20},"end":{"line":246,"column":21}},"loc":{"start":{"line":247,"column":10},"end":{"line":260,"column":12}},"line":247}},"branchMap":{"0":{"loc":{"start":{"line":44,"column":2},"end":{"line":44,"column":29}},"type":"default-arg","locations":[{"start":{"line":44,"column":27},"end":{"line":44,"column":29}}],"line":44},"1":{"loc":{"start":{"line":45,"column":2},"end":{"line":45,"column":21}},"type":"default-arg","locations":[{"start":{"line":45,"column":19},"end":{"line":45,"column":21}}],"line":45},"2":{"loc":{"start":{"line":46,"column":2},"end":{"line":46,"column":16}},"type":"default-arg","locations":[{"start":{"line":46,"column":14},"end":{"line":46,"column":16}}],"line":46},"3":{"loc":{"start":{"line":47,"column":2},"end":{"line":47,"column":20}},"type":"default-arg","locations":[{"start":{"line":47,"column":18},"end":{"line":47,"column":20}}],"line":47},"4":{"loc":{"start":{"line":48,"column":2},"end":{"line":48,"column":33}},"type":"default-arg","locations":[{"start":{"line":48,"column":31},"end":{"line":48,"column":33}}],"line":48},"5":{"loc":{"start":{"line":49,"column":2},"end":{"line":49,"column":24}},"type":"default-arg","locations":[{"start":{"line":49,"column":22},"end":{"line":49,"column":24}}],"line":49},"6":{"loc":{"start":{"line":50,"column":2},"end":{"line":50,"column":17}},"type":"default-arg","locations":[{"start":{"line":50,"column":15},"end":{"line":50,"column":17}}],"line":50},"7":{"loc":{"start":{"line":51,"column":2},"end":{"line":51,"column":41}},"type":"default-arg","locations":[{"start":{"line":51,"column":18},"end":{"line":51,"column":41}}],"line":51},"8":{"loc":{"start":{"line":52,"column":2},"end":{"line":52,"column":58}},"type":"default-arg","locations":[{"start":{"line":52,"column":21},"end":{"line":52,"column":58}}],"line":52},"9":{"loc":{"start":{"line":53,"column":2},"end":{"line":53,"column":53}},"type":"default-arg","locations":[{"start":{"line":53,"column":20},"end":{"line":53,"column":53}}],"line":53},"10":{"loc":{"start":{"line":54,"column":2},"end":{"line":54,"column":17}},"type":"default-arg","locations":[{"start":{"line":54,"column":16},"end":{"line":54,"column":17}}],"line":54},"11":{"loc":{"start":{"line":55,"column":2},"end":{"line":55,"column":29}},"type":"default-arg","locations":[{"start":{"line":55,"column":21},"end":{"line":55,"column":29}}],"line":55},"12":{"loc":{"start":{"line":56,"column":2},"end":{"line":56,"column":21}},"type":"default-arg","locations":[{"start":{"line":56,"column":19},"end":{"line":56,"column":21}}],"line":56},"13":{"loc":{"start":{"line":57,"column":2},"end":{"line":57,"column":20}},"type":"default-arg","locations":[{"start":{"line":57,"column":18},"end":{"line":57,"column":20}}],"line":57},"14":{"loc":{"start":{"line":58,"column":2},"end":{"line":58,"column":23}},"type":"default-arg","locations":[{"start":{"line":58,"column":18},"end":{"line":58,"column":23}}],"line":58},"15":{"loc":{"start":{"line":68,"column":4},"end":{"line":76,"column":5}},"type":"if","locations":[{"start":{"line":68,"column":4},"end":{"line":76,"column":5}},{"start":{},"end":{}}],"line":68},"16":{"loc":{"start":{"line":93,"column":4},"end":{"line":110,"column":5}},"type":"if","locations":[{"start":{"line":93,"column":4},"end":{"line":110,"column":5}},{"start":{},"end":{}}],"line":93},"17":{"loc":{"start":{"line":102,"column":6},"end":{"line":104,"column":7}},"type":"if","locations":[{"start":{"line":102,"column":6},"end":{"line":104,"column":7}},{"start":{},"end":{}}],"line":102},"18":{"loc":{"start":{"line":106,"column":6},"end":{"line":108,"column":7}},"type":"if","locations":[{"start":{"line":106,"column":6},"end":{"line":108,"column":7}},{"start":{},"end":{}}],"line":106},"19":{"loc":{"start":{"line":107,"column":17},"end":{"line":107,"column":43}},"type":"binary-expr","locations":[{"start":{"line":107,"column":17},"end":{"line":107,"column":38}},{"start":{"line":107,"column":42},"end":{"line":107,"column":43}}],"line":107},"20":{"loc":{"start":{"line":117,"column":4},"end":{"line":133,"column":5}},"type":"if","locations":[{"start":{"line":117,"column":4},"end":{"line":133,"column":5}},{"start":{"line":125,"column":11},"end":{"line":133,"column":5}}],"line":117},"21":{"loc":{"start":{"line":125,"column":11},"end":{"line":133,"column":5}},"type":"if","locations":[{"start":{"line":125,"column":11},"end":{"line":133,"column":5}},{"start":{},"end":{}}],"line":125},"22":{"loc":{"start":{"line":137,"column":13},"end":{"line":137,"column":44}},"type":"binary-expr","locations":[{"start":{"line":137,"column":13},"end":{"line":137,"column":39}},{"start":{"line":137,"column":43},"end":{"line":137,"column":44}}],"line":137},"23":{"loc":{"start":{"line":161,"column":6},"end":{"line":169,"column":7}},"type":"if","locations":[{"start":{"line":161,"column":6},"end":{"line":169,"column":7}},{"start":{},"end":{}}],"line":161},"24":{"loc":{"start":{"line":161,"column":10},"end":{"line":161,"column":59}},"type":"binary-expr","locations":[{"start":{"line":161,"column":10},"end":{"line":161,"column":34}},{"start":{"line":161,"column":38},"end":{"line":161,"column":59}}],"line":161},"25":{"loc":{"start":{"line":174,"column":4},"end":{"line":180,"column":5}},"type":"if","locations":[{"start":{"line":174,"column":4},"end":{"line":180,"column":5}},{"start":{},"end":{}}],"line":174},"26":{"loc":{"start":{"line":174,"column":8},"end":{"line":174,"column":60}},"type":"binary-expr","locations":[{"start":{"line":174,"column":8},"end":{"line":174,"column":25}},{"start":{"line":174,"column":29},"end":{"line":174,"column":60}}],"line":174},"27":{"loc":{"start":{"line":188,"column":4},"end":{"line":200,"column":5}},"type":"if","locations":[{"start":{"line":188,"column":4},"end":{"line":200,"column":5}},{"start":{"line":193,"column":11},"end":{"line":200,"column":5}}],"line":188},"28":{"loc":{"start":{"line":235,"column":10},"end":{"line":235,"column":72}},"type":"cond-expr","locations":[{"start":{"line":235,"column":26},"end":{"line":235,"column":56}},{"start":{"line":235,"column":59},"end":{"line":235,"column":72}}],"line":235},"29":{"loc":{"start":{"line":244,"column":10},"end":{"line":244,"column":72}},"type":"cond-expr","locations":[{"start":{"line":244,"column":17},"end":{"line":244,"column":54}},{"start":{"line":244,"column":57},"end":{"line":244,"column":72}}],"line":244}},"s":{"0":2,"1":0,"2":0,"3":0,"4":0,"5":0,"6":0,"7":0,"8":0,"9":0,"10":0,"11":0,"12":0,"13":0,"14":0,"15":0,"16":0,"17":0,"18":0,"19":0,"20":0,"21":0,"22":0,"23":0,"24":0,"25":0,"26":0,"27":0,"28":0,"29":0,"30":0,"31":0,"32":0,"33":0,"34":0,"35":0,"36":0,"37":0,"38":0,"39":0,"40":0,"41":0,"42":0,"43":0,"44":0,"45":0,"46":0,"47":0,"48":0,"49":0,"50":0,"51":0,"52":0,"53":0,"54":0,"55":0,"56":0,"57":0,"58":0,"59":0,"60":0,"61":0,"62":0,"63":0,"64":0,"65":0,"66":0,"67":0,"68":0},"f":{"0":0,"1":0,"2":0,"3":0,"4":0,"5":0,"6":0,"7":0,"8":0,"9":0,"10":0,"11":0,"12":0,"13":0,"14":0,"15":0,"16":0,"17":0,"18":0},"b":{"0":[0],"1":[0],"2":[0],"3":[0],"4":[0],"5":[0],"6":[0],"7":[0],"8":[0],"9":[0],"10":[0],"11":[0],"12":[0],"13":[0],"14":[0],"15":[0,0],"16":[0,0],"17":[0,0],"18":[0,0],"19":[0,0],"20":[0,0],"21":[0,0],"22":[0,0],"23":[0,0],"24":[0,0],"25":[0,0],"26":[0,0],"27":[0,0],"28":[0,0],"29":[0,0]},"_coverageSchema":"1a1c01bbd47fc00a2c39e90264f33305004495a9","hash":"4ef34f3f62d54c43c14db5c584138666a23c69fa"}
,"/Users/pavankommi/Repo/kommix/rndtpkr/src/hooks/use-previous.ts": {"path":"/Users/pavankommi/Repo/kommix/rndtpkr/src/hooks/use-previous.ts","statementMap":{"0":{"start":{"line":3,"column":27},"end":{"line":9,"column":1}},"1":{"start":{"line":4,"column":14},"end":{"line":4,"column":22}},"2":{"start":{"line":5,"column":2},"end":{"line":7,"column":5}},"3":{"start":{"line":6,"column":4},"end":{"line":6,"column":24}},"4":{"start":{"line":8,"column":2},"end":{"line":8,"column":21}}},"fnMap":{"0":{"name":"(anonymous_0)","decl":{"start":{"line":3,"column":27},"end":{"line":3,"column":28}},"loc":{"start":{"line":3,"column":43},"end":{"line":9,"column":1}},"line":3},"1":{"name":"(anonymous_1)","decl":{"start":{"line":5,"column":12},"end":{"line":5,"column":13}},"loc":{"start":{"line":5,"column":18},"end":{"line":7,"column":3}},"line":5}},"branchMap":{},"s":{"0":2,"1":4,"2":4,"3":4,"4":4},"f":{"0":4,"1":4},"b":{},"_coverageSchema":"1a1c01bbd47fc00a2c39e90264f33305004495a9","hash":"5411ade10b9cb6cb31d921b806b100f62dfa834c"}
}
