TN:
SF:src/calendar-context.ts
FN:23,(anonymous_0)
FNF:1
FNH:1
FNDA:28,(anonymous_0)
DA:21,2
DA:23,28
LF:2
LH:2
BRF:0
BRH:0
end_of_record
TN:
SF:src/datetime-picker.tsx
FN:69,(anonymous_0)
FN:113,(anonymous_1)
FN:114,(anonymous_2)
FN:125,(anonymous_3)
FN:143,(anonymous_4)
FN:148,(anonymous_5)
FN:155,(anonymous_6)
FN:238,(anonymous_7)
FN:292,(anonymous_8)
FN:301,(anonymous_9)
FN:311,(anonymous_10)
FN:376,(anonymous_11)
FN:387,(anonymous_12)
FN:406,(anonymous_13)
FN:411,(anonymous_14)
FN:510,(anonymous_15)
FN:513,(anonymous_16)
FN:520,(anonymous_17)
FN:522,(anonymous_18)
FN:527,(anonymous_19)
FN:539,(anonymous_20)
FN:559,(anonymous_21)
FN:578,(anonymous_22)
FN:589,(anonymous_23)
FN:598,(anonymous_24)
FN:604,(anonymous_25)
FN:617,(anonymous_26)
FN:624,(anonymous_27)
FN:691,(anonymous_28)
FN:710,(anonymous_29)
FN:718,(anonymous_30)
FNF:31
FNH:16
FNDA:4,(anonymous_0)
FNDA:0,(anonymous_1)
FNDA:0,(anonymous_2)
FNDA:2,(anonymous_3)
FNDA:2,(anonymous_4)
FNDA:2,(anonymous_5)
FNDA:2,(anonymous_6)
FNDA:4,(anonymous_7)
FNDA:2,(anonymous_8)
FNDA:2,(anonymous_9)
FNDA:2,(anonymous_10)
FNDA:0,(anonymous_11)
FNDA:0,(anonymous_12)
FNDA:0,(anonymous_13)
FNDA:0,(anonymous_14)
FNDA:0,(anonymous_15)
FNDA:0,(anonymous_16)
FNDA:0,(anonymous_17)
FNDA:0,(anonymous_18)
FNDA:0,(anonymous_19)
FNDA:0,(anonymous_20)
FNDA:0,(anonymous_21)
FNDA:0,(anonymous_22)
FNDA:0,(anonymous_23)
FNDA:2,(anonymous_24)
FNDA:2,(anonymous_25)
FNDA:4,(anonymous_26)
FNDA:4,(anonymous_27)
FNDA:4,(anonymous_28)
FNDA:2,(anonymous_29)
FNDA:4,(anonymous_30)
DA:43,2
DA:44,2
DA:45,2
DA:46,2
DA:47,2
DA:48,2
DA:69,2
DA:119,4
DA:121,4
DA:122,4
DA:125,4
DA:126,2
DA:127,0
DA:128,0
DA:129,0
DA:131,0
DA:134,0
DA:137,2
DA:140,4
DA:142,4
DA:143,2
DA:147,4
DA:149,2
DA:155,4
DA:156,2
DA:158,2
DA:159,2
DA:162,2
DA:163,0
DA:166,2
DA:167,0
DA:170,2
DA:171,0
DA:174,2
DA:175,0
DA:178,2
DA:179,0
DA:182,2
DA:184,2
DA:185,0
DA:188,2
DA:189,0
DA:192,2
DA:194,2
DA:195,0
DA:198,2
DA:199,0
DA:202,2
DA:204,2
DA:205,0
DA:208,2
DA:209,0
DA:212,2
DA:237,4
DA:239,4
DA:241,0
DA:246,0
DA:251,0
DA:256,2
DA:257,2
DA:263,0
DA:264,0
DA:270,0
DA:271,0
DA:276,0
DA:281,2
DA:283,0
DA:289,4
DA:290,4
DA:292,4
DA:293,2
DA:298,2
DA:301,4
DA:302,2
DA:303,0
DA:304,0
DA:311,4
DA:312,2
DA:314,2
DA:320,2
DA:321,0
DA:324,2
DA:325,0
DA:328,2
DA:333,2
DA:334,0
DA:338,0
DA:339,0
DA:343,0
DA:344,0
DA:347,0
DA:348,0
DA:351,0
DA:353,0
DA:354,0
DA:357,0
DA:358,0
DA:361,0
DA:369,0
DA:370,0
DA:375,0
DA:376,0
DA:377,0
DA:380,0
DA:385,0
DA:386,0
DA:387,0
DA:406,4
DA:407,0
DA:410,4
DA:412,0
DA:413,0
DA:414,0
DA:418,0
DA:423,0
DA:426,0
DA:428,0
DA:429,0
DA:430,0
DA:431,0
DA:432,0
DA:434,0
DA:439,0
DA:440,0
DA:441,0
DA:444,0
DA:445,0
DA:449,0
DA:452,0
DA:456,0
DA:460,0
DA:461,0
DA:464,0
DA:465,0
DA:467,0
DA:468,0
DA:469,0
DA:473,0
DA:474,0
DA:476,0
DA:477,0
DA:478,0
DA:482,0
DA:483,0
DA:487,0
DA:488,0
DA:493,0
DA:506,0
DA:507,0
DA:508,0
DA:510,0
DA:512,0
DA:513,0
DA:516,0
DA:517,0
DA:520,0
DA:522,0
DA:523,0
DA:526,0
DA:527,0
DA:538,4
DA:540,0
DA:541,0
DA:544,0
DA:545,0
DA:548,0
DA:552,0
DA:558,4
DA:560,0
DA:561,0
DA:564,0
DA:565,0
DA:568,0
DA:572,0
DA:577,4
DA:579,0
DA:580,0
DA:588,4
DA:590,0
DA:598,4
DA:599,2
DA:600,0
DA:604,4
DA:605,2
DA:606,0
DA:610,4
DA:612,4
DA:616,4
DA:617,4
DA:623,4
DA:624,4
DA:690,4
DA:691,4
DA:709,4
DA:710,2
DA:717,4
DA:718,4
DA:734,4
LF:198
LH:79
BRDA:73,0,0,0
BRDA:74,1,0,4
BRDA:75,2,0,4
BRDA:76,3,0,4
BRDA:78,4,0,4
BRDA:79,5,0,4
BRDA:94,6,0,4
BRDA:95,7,0,4
BRDA:96,8,0,4
BRDA:97,9,0,4
BRDA:98,10,0,4
BRDA:99,11,0,4
BRDA:100,12,0,4
BRDA:102,13,0,4
BRDA:103,14,0,4
BRDA:104,15,0,4
BRDA:110,16,0,4
BRDA:113,17,0,4
BRDA:114,18,0,4
BRDA:116,19,0,4
BRDA:118,20,0,4
BRDA:126,21,0,0
BRDA:126,21,1,2
BRDA:126,22,0,2
BRDA:126,22,1,0
BRDA:134,23,0,0
BRDA:134,23,1,0
BRDA:137,24,0,2
BRDA:137,24,1,2
BRDA:143,25,0,0
BRDA:143,25,1,2
BRDA:143,26,0,2
BRDA:143,26,1,0
BRDA:149,27,0,0
BRDA:149,27,1,2
BRDA:149,28,0,2
BRDA:149,28,1,0
BRDA:149,28,2,0
BRDA:158,29,0,2
BRDA:158,29,1,0
BRDA:158,30,0,2
BRDA:158,30,1,2
BRDA:162,31,0,0
BRDA:162,31,1,2
BRDA:162,32,0,2
BRDA:162,32,1,0
BRDA:166,33,0,0
BRDA:166,33,1,2
BRDA:166,34,0,2
BRDA:166,34,1,0
BRDA:166,34,2,0
BRDA:170,35,0,0
BRDA:170,35,1,2
BRDA:170,36,0,2
BRDA:170,36,1,0
BRDA:174,37,0,0
BRDA:174,37,1,2
BRDA:174,38,0,2
BRDA:174,38,1,0
BRDA:174,38,2,0
BRDA:174,38,3,0
BRDA:178,39,0,0
BRDA:178,39,1,2
BRDA:178,40,0,2
BRDA:178,40,1,0
BRDA:182,41,0,2
BRDA:182,41,1,0
BRDA:184,42,0,0
BRDA:184,42,1,2
BRDA:184,43,0,2
BRDA:184,43,1,2
BRDA:184,43,2,0
BRDA:188,44,0,0
BRDA:188,44,1,2
BRDA:188,45,0,2
BRDA:188,45,1,2
BRDA:188,45,2,0
BRDA:192,46,0,0
BRDA:192,46,1,2
BRDA:194,47,0,0
BRDA:194,47,1,2
BRDA:194,48,0,2
BRDA:194,48,1,0
BRDA:194,48,2,0
BRDA:198,49,0,0
BRDA:198,49,1,2
BRDA:198,50,0,2
BRDA:198,50,1,0
BRDA:198,50,2,0
BRDA:202,51,0,0
BRDA:202,51,1,2
BRDA:204,52,0,0
BRDA:204,52,1,2
BRDA:204,53,0,2
BRDA:204,53,1,0
BRDA:204,53,2,0
BRDA:208,54,0,0
BRDA:208,54,1,2
BRDA:208,55,0,2
BRDA:208,55,1,0
BRDA:208,55,2,0
BRDA:239,56,0,0
BRDA:239,56,1,0
BRDA:239,56,2,0
BRDA:239,56,3,2
BRDA:239,56,4,0
BRDA:239,56,5,0
BRDA:239,56,6,0
BRDA:239,56,7,2
BRDA:239,56,8,0
BRDA:302,57,0,0
BRDA:302,57,1,2
BRDA:312,58,0,2
BRDA:312,58,1,0
BRDA:314,59,0,2
BRDA:314,59,1,2
BRDA:314,59,2,0
BRDA:315,60,0,0
BRDA:315,60,1,2
BRDA:320,61,0,0
BRDA:320,61,1,2
BRDA:320,62,0,2
BRDA:320,62,1,2
BRDA:320,62,2,0
BRDA:324,63,0,0
BRDA:324,63,1,2
BRDA:324,64,0,2
BRDA:324,64,1,2
BRDA:324,64,2,0
BRDA:333,65,0,0
BRDA:333,65,1,2
BRDA:335,66,0,0
BRDA:335,66,1,0
BRDA:338,67,0,0
BRDA:338,67,1,0
BRDA:340,68,0,0
BRDA:340,68,1,0
BRDA:343,69,0,0
BRDA:343,69,1,0
BRDA:343,70,0,0
BRDA:343,70,1,0
BRDA:343,70,2,0
BRDA:347,71,0,0
BRDA:347,71,1,0
BRDA:347,72,0,0
BRDA:347,72,1,0
BRDA:347,72,2,0
BRDA:351,73,0,0
BRDA:351,73,1,0
BRDA:353,74,0,0
BRDA:353,74,1,0
BRDA:353,75,0,0
BRDA:353,75,1,0
BRDA:353,75,2,0
BRDA:357,76,0,0
BRDA:357,76,1,0
BRDA:357,77,0,0
BRDA:357,77,1,0
BRDA:357,77,2,0
BRDA:369,78,0,0
BRDA:369,78,1,0
BRDA:371,79,0,0
BRDA:371,79,1,0
BRDA:372,80,0,0
BRDA:372,80,1,0
BRDA:375,81,0,0
BRDA:375,81,1,0
BRDA:385,82,0,0
BRDA:385,82,1,0
BRDA:412,83,0,0
BRDA:412,83,1,0
BRDA:413,84,0,0
BRDA:413,84,1,0
BRDA:414,85,0,0
BRDA:414,85,1,0
BRDA:424,86,0,0
BRDA:424,86,1,0
BRDA:426,87,0,0
BRDA:426,87,1,0
BRDA:434,88,0,0
BRDA:434,88,1,0
BRDA:435,89,0,0
BRDA:435,89,1,0
BRDA:435,89,2,0
BRDA:440,90,0,0
BRDA:440,90,1,0
BRDA:440,91,0,0
BRDA:440,91,1,0
BRDA:444,92,0,0
BRDA:444,92,1,0
BRDA:444,93,0,0
BRDA:444,93,1,0
BRDA:445,94,0,0
BRDA:445,94,1,0
BRDA:446,95,0,0
BRDA:446,95,1,0
BRDA:452,96,0,0
BRDA:452,96,1,0
BRDA:453,97,0,0
BRDA:453,97,1,0
BRDA:460,98,0,0
BRDA:460,98,1,0
BRDA:460,99,0,0
BRDA:460,99,1,0
BRDA:460,99,2,0
BRDA:464,100,0,0
BRDA:464,100,1,0
BRDA:464,101,0,0
BRDA:464,101,1,0
BRDA:464,101,2,0
BRDA:464,101,3,0
BRDA:467,102,0,0
BRDA:467,102,1,0
BRDA:467,103,0,0
BRDA:467,103,1,0
BRDA:467,103,2,0
BRDA:467,103,3,0
BRDA:473,104,0,0
BRDA:473,104,1,0
BRDA:473,105,0,0
BRDA:473,105,1,0
BRDA:473,105,2,0
BRDA:473,105,3,0
BRDA:476,106,0,0
BRDA:476,106,1,0
BRDA:478,107,0,0
BRDA:478,107,1,0
BRDA:479,108,0,0
BRDA:479,108,1,0
BRDA:479,108,2,0
BRDA:479,108,3,0
BRDA:487,109,0,0
BRDA:487,109,1,0
BRDA:494,110,0,0
BRDA:494,110,1,0
BRDA:496,111,0,0
BRDA:496,111,1,0
BRDA:499,112,0,0
BRDA:499,112,1,0
BRDA:501,113,0,0
BRDA:501,113,1,0
BRDA:506,114,0,0
BRDA:506,114,1,0
BRDA:507,115,0,0
BRDA:507,115,1,0
BRDA:512,116,0,0
BRDA:512,116,1,0
BRDA:516,117,0,0
BRDA:516,117,1,0
BRDA:516,118,0,0
BRDA:516,118,1,0
BRDA:520,119,0,0
BRDA:520,119,1,0
BRDA:528,120,0,0
BRDA:528,120,1,0
BRDA:529,121,0,0
BRDA:529,121,1,0
BRDA:544,122,0,0
BRDA:544,122,1,0
BRDA:564,123,0,0
BRDA:564,123,1,0
BRDA:599,124,0,0
BRDA:599,124,1,2
BRDA:599,125,0,2
BRDA:599,125,1,0
BRDA:599,125,2,0
BRDA:605,126,0,0
BRDA:605,126,1,2
BRDA:605,127,0,2
BRDA:605,127,1,0
BRF:270
BRH:76
end_of_record
TN:
SF:src/enums.ts
FNF:0
FNH:0
DA:14,2
DA:15,2
LF:2
LH:2
BRF:0
BRH:0
end_of_record
TN:
SF:src/numerals.ts
FNF:0
FNH:0
DA:1,2
LF:1
LH:1
BRF:0
BRH:0
end_of_record
TN:
SF:src/theme.ts
FN:12,useDefaultClassNames
FN:79,useDefaultStyles
FNF:2
FNH:0
FNDA:0,useDefaultClassNames
FNDA:0,useDefaultStyles
DA:13,0
DA:76,0
DA:80,0
DA:81,0
DA:83,0
DA:200,0
DA:203,2
LF:7
LH:1
BRDA:81,0,0,0
BRDA:81,0,1,0
BRDA:81,0,2,0
BRF:3
BRH:0
end_of_record
TN:
SF:src/ui.ts
FNF:0
FNH:0
LF:0
LH:0
BRF:0
BRH:0
end_of_record
TN:
SF:src/utils.ts
FN:50,(anonymous_0)
FN:53,(anonymous_1)
FN:56,(anonymous_2)
FN:58,(anonymous_3)
FN:65,(anonymous_4)
FN:69,(anonymous_5)
FN:88,(anonymous_6)
FN:98,(anonymous_7)
FN:116,(anonymous_8)
FN:119,(anonymous_9)
FN:121,(anonymous_10)
FN:131,areDatesOnSameDay
FN:150,isDateBetween
FN:175,isDateDisabled
FN:198,(anonymous_14)
FN:207,(anonymous_15)
FN:227,isYearDisabled
FN:252,isMonthDisabled
FN:287,(anonymous_18)
FN:297,(anonymous_19)
FN:306,(anonymous_20)
FN:313,(anonymous_21)
FN:325,getDaysInMonth
FN:363,getFirstDayOfMonth
FN:378,getStartOfDay
FN:389,getEndOfDay
FN:400,dateToUnix
FN:411,removeTime
FN:425,(anonymous_28)
FN:453,(anonymous_29)
FN:470,(anonymous_30)
FN:488,(anonymous_31)
FN:505,(anonymous_32)
FN:540,(anonymous_33)
FN:571,cn
FN:583,useDeepCompareMemo
FN:589,(anonymous_36)
FN:598,getDigitMap
FN:609,replaceDigits
FN:611,(anonymous_39)
FN:614,formatNumber
FNF:41
FNH:19
FNDA:0,(anonymous_0)
FNDA:0,(anonymous_1)
FNDA:0,(anonymous_2)
FNDA:0,(anonymous_3)
FNDA:0,(anonymous_4)
FNDA:0,(anonymous_5)
FNDA:4,(anonymous_6)
FNDA:28,(anonymous_7)
FNDA:0,(anonymous_8)
FNDA:0,(anonymous_9)
FNDA:0,(anonymous_10)
FNDA:248,areDatesOnSameDay
FNDA:0,isDateBetween
FNDA:124,isDateDisabled
FNDA:0,(anonymous_14)
FNDA:0,(anonymous_15)
FNDA:0,isYearDisabled
FNDA:0,isMonthDisabled
FNDA:0,(anonymous_18)
FNDA:0,(anonymous_19)
FNDA:4,(anonymous_20)
FNDA:48,(anonymous_21)
FNDA:4,getDaysInMonth
FNDA:0,getFirstDayOfMonth
FNDA:2,getStartOfDay
FNDA:0,getEndOfDay
FNDA:0,dateToUnix
FNDA:0,removeTime
FNDA:4,(anonymous_28)
FNDA:4,(anonymous_29)
FNDA:0,(anonymous_30)
FNDA:124,(anonymous_31)
FNDA:0,(anonymous_32)
FNDA:124,(anonymous_33)
FNDA:144,cn
FNDA:8,useDeepCompareMemo
FNDA:4,(anonymous_36)
FNDA:128,getDigitMap
FNDA:128,replaceDigits
FNDA:228,(anonymous_39)
FNDA:128,formatNumber
DA:15,2
DA:16,2
DA:17,2
DA:18,2
DA:19,2
DA:50,2
DA:51,0
DA:53,2
DA:54,0
DA:56,2
DA:58,2
DA:65,2
DA:66,0
DA:67,0
DA:69,0
DA:88,2
DA:92,4
DA:94,4
DA:95,4
DA:96,4
DA:98,28
DA:107,4
DA:108,0
DA:113,4
DA:116,2
DA:117,0
DA:119,2
DA:121,2
DA:132,248
DA:133,0
DA:136,248
DA:137,248
DA:139,248
DA:160,0
DA:161,0
DA:164,0
DA:189,124
DA:190,0
DA:192,124
DA:193,0
DA:196,124
DA:197,0
DA:198,0
DA:199,0
DA:201,0
DA:202,0
DA:203,0
DA:205,124
DA:206,0
DA:207,0
DA:208,0
DA:210,0
DA:211,0
DA:212,0
DA:216,124
DA:237,0
DA:238,0
DA:240,0
DA:263,0
DA:268,0
DA:269,0
DA:274,0
DA:276,0
DA:287,2
DA:288,0
DA:297,2
DA:306,2
DA:307,4
DA:308,4
DA:310,4
DA:311,0
DA:313,48
DA:330,4
DA:332,4
DA:333,4
DA:334,4
DA:335,4
DA:336,4
DA:337,4
DA:344,4
DA:346,4
DA:367,0
DA:368,0
DA:379,2
DA:390,0
DA:401,0
DA:415,0
DA:425,2
DA:426,4
DA:453,2
DA:467,4
DA:469,4
DA:471,0
DA:472,0
DA:473,0
DA:488,4
DA:489,124
DA:490,124
DA:491,124
DA:505,4
DA:506,0
DA:507,0
DA:508,0
DA:522,4
DA:540,2
DA:552,124
DA:554,124
DA:572,144
DA:584,8
DA:585,8
DA:587,8
DA:589,4
DA:591,4
DA:592,4
DA:595,8
DA:599,128
DA:600,128
DA:602,128
DA:603,1280
DA:606,128
DA:610,128
DA:611,228
DA:615,128
LF:123
LH:77
BRDA:54,0,0,0
BRDA:54,0,1,0
BRDA:73,1,0,0
BRDA:73,1,1,0
BRDA:102,2,0,28
BRDA:102,2,1,0
BRDA:103,3,0,28
BRDA:103,3,1,0
BRDA:107,4,0,0
BRDA:107,4,1,4
BRDA:132,5,0,0
BRDA:132,5,1,248
BRDA:132,6,0,248
BRDA:132,6,1,248
BRDA:160,7,0,0
BRDA:160,7,1,0
BRDA:160,8,0,0
BRDA:160,8,1,0
BRDA:164,9,0,0
BRDA:164,9,1,0
BRDA:189,10,0,0
BRDA:189,10,1,124
BRDA:189,11,0,124
BRDA:189,11,1,0
BRDA:192,12,0,0
BRDA:192,12,1,124
BRDA:192,13,0,124
BRDA:192,13,1,0
BRDA:196,14,0,0
BRDA:196,14,1,124
BRDA:197,15,0,0
BRDA:197,15,1,0
BRDA:202,16,0,0
BRDA:202,16,1,0
BRDA:205,17,0,0
BRDA:205,17,1,124
BRDA:206,18,0,0
BRDA:206,18,1,0
BRDA:211,19,0,0
BRDA:211,19,1,0
BRDA:237,20,0,0
BRDA:237,20,1,0
BRDA:237,21,0,0
BRDA:237,21,1,0
BRDA:238,22,0,0
BRDA:238,22,1,0
BRDA:238,23,0,0
BRDA:238,23,1,0
BRDA:263,24,0,0
BRDA:263,24,1,0
BRDA:264,25,0,0
BRDA:264,25,1,0
BRDA:264,25,2,0
BRDA:269,26,0,0
BRDA:269,26,1,0
BRDA:270,27,0,0
BRDA:270,27,1,0
BRDA:270,27,2,0
BRDA:308,28,0,0
BRDA:308,28,1,4
BRDA:310,29,0,0
BRDA:310,29,1,4
BRDA:335,30,0,0
BRDA:335,30,1,4
BRDA:337,31,0,0
BRDA:337,31,1,4
BRDA:338,32,0,0
BRDA:338,32,1,0
BRDA:415,33,0,0
BRDA:415,33,1,0
BRDA:469,34,0,0
BRDA:469,34,1,4
BRDA:587,35,0,4
BRDA:587,35,1,4
BRDA:588,36,0,8
BRDA:588,36,1,4
BRDA:611,37,0,228
BRDA:611,37,1,0
BRF:78
BRH:22
end_of_record
TN:
SF:src/assets/images/left-chevron-svgrepo-com.svg
FNF:0
FNH:0
DA:1,2
LF:1
LH:1
BRF:0
BRH:0
end_of_record
TN:
SF:src/assets/images/right-chevron-svgrepo-com.svg
FNF:0
FNH:0
DA:1,2
LF:1
LH:1
BRF:0
BRH:0
end_of_record
TN:
SF:src/components/calendar.tsx
FN:18,(anonymous_0)
FN:32,(anonymous_1)
FNF:2
FNH:2
FNDA:4,(anonymous_0)
FNDA:2,(anonymous_1)
DA:11,2
DA:18,2
DA:29,4
DA:31,4
DA:32,2
DA:38,4
LF:6
LH:6
BRDA:22,0,0,0
BRDA:23,1,0,0
BRDA:24,2,0,0
BRDA:25,3,0,0
BRDA:40,4,0,4
BRDA:40,4,1,0
BRF:6
BRH:1
end_of_record
TN:
SF:src/components/day.tsx
FN:24,(anonymous_0)
FN:28,(anonymous_1)
FN:38,(anonymous_2)
FN:105,(anonymous_3)
FN:172,(anonymous_4)
FN:182,(anonymous_5)
FN:217,(anonymous_6)
FN:224,(anonymous_7)
FNF:8
FNH:6
FNDA:7,(anonymous_0)
FNDA:72,(anonymous_1)
FNDA:62,(anonymous_2)
FNDA:62,(anonymous_3)
FNDA:0,(anonymous_4)
FNDA:0,(anonymous_5)
FNDA:62,(anonymous_6)
FNDA:62,(anonymous_7)
DA:24,2
DA:25,7
DA:28,2
DA:37,72
DA:38,62
DA:58,72
DA:60,72
DA:72,72
DA:83,72
DA:94,72
DA:105,72
DA:106,62
DA:107,0
DA:108,0
DA:124,0
DA:162,72
DA:172,0
DA:182,0
DA:198,2
DA:217,2
DA:218,62
DA:224,2
DA:226,62
DA:233,62
LF:24
LH:19
BRDA:31,0,0,0
BRDA:32,1,0,0
BRDA:33,2,0,0
BRDA:34,3,0,0
BRDA:35,4,0,0
BRDA:63,5,0,72
BRDA:63,5,1,0
BRDA:64,6,0,72
BRDA:64,6,1,0
BRDA:65,7,0,72
BRDA:65,7,1,2
BRDA:66,8,0,72
BRDA:66,8,1,0
BRDA:67,9,0,72
BRDA:67,9,1,0
BRDA:68,10,0,72
BRDA:68,10,1,0
BRDA:69,11,0,72
BRDA:69,11,1,0
BRDA:74,12,0,72
BRDA:74,12,1,0
BRDA:75,13,0,72
BRDA:75,13,1,0
BRDA:76,14,0,72
BRDA:76,14,1,2
BRDA:77,15,0,72
BRDA:77,15,1,0
BRDA:78,16,0,72
BRDA:78,16,1,0
BRDA:79,17,0,72
BRDA:79,17,1,0
BRDA:80,18,0,72
BRDA:80,18,1,0
BRDA:85,19,0,72
BRDA:85,19,1,0
BRDA:86,20,0,72
BRDA:86,20,1,0
BRDA:87,21,0,72
BRDA:87,21,1,2
BRDA:88,22,0,72
BRDA:88,22,1,0
BRDA:89,23,0,72
BRDA:89,23,1,0
BRDA:90,24,0,72
BRDA:90,24,1,0
BRDA:91,25,0,72
BRDA:91,25,1,0
BRDA:96,26,0,72
BRDA:96,26,1,0
BRDA:97,27,0,72
BRDA:97,27,1,0
BRDA:98,28,0,72
BRDA:98,28,1,2
BRDA:99,29,0,72
BRDA:99,29,1,0
BRDA:100,30,0,72
BRDA:100,30,1,0
BRDA:101,31,0,72
BRDA:101,31,1,0
BRDA:102,32,0,72
BRDA:102,32,1,0
BRDA:106,33,0,62
BRDA:106,33,1,0
BRDA:107,34,0,0
BRDA:107,34,1,0
BRDA:113,35,0,0
BRDA:113,35,1,0
BRDA:114,36,0,0
BRDA:114,36,1,0
BRDA:118,37,0,0
BRDA:118,37,1,0
BRDA:119,38,0,0
BRDA:119,38,1,0
BRDA:126,39,0,0
BRDA:126,39,1,0
BRDA:136,40,0,0
BRDA:136,40,1,0
BRDA:169,41,0,0
BRDA:169,41,1,72
BRDA:226,42,0,62
BRDA:226,42,1,52
BRDA:226,42,2,52
BRDA:226,42,3,52
BRDA:226,42,4,52
BRDA:226,42,5,52
BRF:85
BRH:40
end_of_record
TN:
SF:src/components/days.tsx
FN:17,(anonymous_0)
FN:47,(anonymous_1)
FN:52,(anonymous_2)
FN:61,(anonymous_3)
FN:65,(anonymous_4)
FN:90,(anonymous_5)
FN:132,(anonymous_6)
FN:139,(anonymous_7)
FN:142,(anonymous_8)
FN:237,(anonymous_9)
FN:258,(anonymous_10)
FNF:11
FNH:7
FNDA:4,(anonymous_0)
FNDA:2,(anonymous_1)
FNDA:0,(anonymous_2)
FNDA:2,(anonymous_3)
FNDA:4,(anonymous_4)
FNDA:138,(anonymous_5)
FNDA:0,(anonymous_6)
FNDA:0,(anonymous_7)
FNDA:0,(anonymous_8)
FNDA:138,(anonymous_9)
FNDA:2,(anonymous_10)
DA:17,2
DA:45,4
DA:47,4
DA:49,4
DA:51,4
DA:53,0
DA:55,0
DA:60,4
DA:61,2
DA:65,4
DA:66,4
DA:67,4
DA:75,4
DA:77,4
DA:91,138
DA:93,124
DA:94,124
DA:95,124
DA:96,124
DA:97,124
DA:98,124
DA:99,124
DA:100,124
DA:101,124
DA:102,124
DA:103,124
DA:105,124
DA:106,0
DA:107,0
DA:108,0
DA:109,0
DA:110,0
DA:112,0
DA:113,0
DA:114,0
DA:115,0
DA:117,0
DA:123,0
DA:126,0
DA:127,0
DA:128,0
DA:129,0
DA:130,124
DA:131,0
DA:132,0
DA:135,0
DA:136,0
DA:137,0
DA:139,0
DA:140,0
DA:142,0
DA:143,0
DA:147,0
DA:148,0
DA:149,0
DA:151,0
DA:153,0
DA:154,0
DA:157,0
DA:158,0
DA:159,0
DA:162,0
DA:163,0
DA:164,0
DA:169,0
DA:170,0
DA:171,0
DA:173,0
DA:174,0
DA:179,0
DA:180,0
DA:181,0
DA:182,0
DA:184,124
DA:185,124
DA:188,124
DA:222,4
DA:238,138
DA:258,2
DA:259,2
LF:80
LH:33
BRDA:22,0,0,0
BRDA:91,1,0,14
BRDA:91,1,1,124
BRDA:105,2,0,0
BRDA:105,2,1,124
BRDA:109,3,0,0
BRDA:109,3,1,0
BRDA:112,4,0,0
BRDA:112,4,1,0
BRDA:113,5,0,0
BRDA:113,5,1,0
BRDA:114,6,0,0
BRDA:114,6,1,0
BRDA:114,7,0,0
BRDA:114,7,1,0
BRDA:115,8,0,0
BRDA:115,8,1,0
BRDA:115,9,0,0
BRDA:115,9,1,0
BRDA:117,10,0,0
BRDA:117,10,1,0
BRDA:118,11,0,0
BRDA:118,11,1,0
BRDA:118,11,2,0
BRDA:118,11,3,0
BRDA:118,11,4,0
BRDA:126,12,0,0
BRDA:126,12,1,0
BRDA:126,12,2,0
BRDA:126,12,3,0
BRDA:126,13,0,0
BRDA:126,13,1,0
BRDA:127,14,0,0
BRDA:127,14,1,0
BRDA:127,14,2,0
BRDA:128,15,0,0
BRDA:128,15,1,0
BRDA:129,16,0,0
BRDA:129,16,1,0
BRDA:130,17,0,0
BRDA:130,17,1,124
BRDA:131,18,0,0
BRDA:131,18,1,0
BRDA:135,19,0,0
BRDA:135,19,1,0
BRDA:151,20,0,0
BRDA:151,20,1,0
BRDA:153,21,0,0
BRDA:153,21,1,0
BRDA:153,22,0,0
BRDA:153,22,1,0
BRDA:157,23,0,0
BRDA:157,23,1,0
BRDA:162,24,0,0
BRDA:162,24,1,0
BRDA:169,25,0,0
BRDA:169,25,1,0
BRDA:170,26,0,0
BRDA:170,26,1,0
BRDA:170,27,0,0
BRDA:170,27,1,0
BRDA:173,28,0,0
BRDA:173,28,1,0
BRDA:173,29,0,0
BRDA:173,29,1,0
BRDA:179,30,0,0
BRDA:179,30,1,0
BRDA:179,30,2,0
BRDA:180,31,0,0
BRDA:180,31,1,0
BRDA:180,31,2,0
BRDA:181,32,0,0
BRDA:181,32,1,0
BRDA:182,33,0,0
BRDA:182,33,1,0
BRDA:184,34,0,124
BRDA:184,34,1,0
BRDA:224,35,0,4
BRDA:224,35,1,0
BRDA:238,36,0,124
BRDA:238,36,1,14
BRDA:268,37,0,0
BRDA:268,37,1,2
BRF:83
BRH:9
end_of_record
TN:
SF:src/components/months.tsx
FN:7,(anonymous_0)
FN:22,(anonymous_1)
FN:33,(anonymous_2)
FN:71,(anonymous_3)
FN:81,(anonymous_4)
FN:100,(anonymous_5)
FNF:6
FNH:0
FNDA:0,(anonymous_0)
FNDA:0,(anonymous_1)
FNDA:0,(anonymous_2)
FNDA:0,(anonymous_3)
FNDA:0,(anonymous_4)
FNDA:0,(anonymous_5)
DA:7,2
DA:19,0
DA:21,0
DA:22,0
DA:26,0
DA:28,0
DA:30,0
DA:34,0
DA:36,0
DA:41,0
DA:48,0
DA:54,0
DA:60,0
DA:66,0
DA:71,0
DA:81,0
DA:100,2
DA:101,0
LF:18
LH:2
BRDA:11,0,0,0
BRDA:12,1,0,0
BRDA:13,2,0,0
BRDA:14,3,0,0
BRDA:15,4,0,0
BRDA:44,5,0,0
BRDA:44,5,1,0
BRDA:45,6,0,0
BRDA:45,6,1,0
BRDA:50,7,0,0
BRDA:50,7,1,0
BRDA:51,8,0,0
BRDA:51,8,1,0
BRDA:56,9,0,0
BRDA:56,9,1,0
BRDA:57,10,0,0
BRDA:57,10,1,0
BRDA:62,11,0,0
BRDA:62,11,1,0
BRDA:63,12,0,0
BRDA:63,12,1,0
BRDA:68,13,0,0
BRDA:68,13,1,0
BRDA:108,14,0,0
BRDA:108,14,1,0
BRF:25
BRH:0
end_of_record
TN:
SF:src/components/time-picker.tsx
FN:21,(anonymous_0)
FN:26,(anonymous_1)
FN:35,(anonymous_2)
FN:50,(anonymous_3)
FN:54,(anonymous_4)
FN:76,(anonymous_5)
FN:93,(anonymous_6)
FN:106,(anonymous_7)
FN:123,(anonymous_8)
FN:131,(anonymous_9)
FNF:10
FNH:0
FNDA:0,(anonymous_0)
FNDA:0,(anonymous_1)
FNDA:0,(anonymous_2)
FNDA:0,(anonymous_3)
FNDA:0,(anonymous_4)
FNDA:0,(anonymous_5)
FNDA:0,(anonymous_6)
FNDA:0,(anonymous_7)
FNDA:0,(anonymous_8)
FNDA:0,(anonymous_9)
DA:21,2
DA:26,0
DA:35,2
DA:47,0
DA:49,0
DA:50,0
DA:54,0
DA:55,0
DA:56,0
DA:60,0
DA:61,0
DA:62,0
DA:70,0
DA:73,0
DA:75,0
DA:77,0
DA:79,0
DA:80,0
DA:81,0
DA:82,0
DA:83,0
DA:86,0
DA:87,0
DA:92,0
DA:95,0
DA:99,0
DA:100,0
DA:105,0
DA:107,0
DA:108,0
DA:109,0
DA:110,0
DA:111,0
DA:112,0
DA:113,0
DA:116,0
DA:117,0
DA:122,0
DA:123,0
DA:130,0
DA:131,0
DA:135,0
DA:181,2
LF:43
LH:3
BRDA:24,0,0,0
BRDA:29,1,0,0
BRDA:29,1,1,0
BRDA:43,2,0,0
BRDA:46,3,0,0
BRDA:50,4,0,0
BRDA:50,4,1,0
BRDA:50,5,0,0
BRDA:50,5,1,0
BRDA:55,6,0,0
BRDA:55,6,1,0
BRDA:65,7,0,0
BRDA:65,7,1,0
BRDA:73,8,0,0
BRDA:73,8,1,0
BRDA:79,9,0,0
BRDA:79,9,1,0
BRDA:80,10,0,0
BRDA:80,10,1,0
BRDA:80,11,0,0
BRDA:80,11,1,0
BRDA:82,12,0,0
BRDA:82,12,1,0
BRDA:82,13,0,0
BRDA:82,13,1,0
BRDA:95,14,0,0
BRDA:95,14,1,0
BRDA:108,15,0,0
BRDA:108,15,1,0
BRDA:108,16,0,0
BRDA:108,16,1,0
BRDA:110,17,0,0
BRDA:110,17,1,0
BRDA:110,18,0,0
BRDA:110,18,1,0
BRDA:112,19,0,0
BRDA:112,19,1,0
BRDA:112,20,0,0
BRDA:112,20,1,0
BRDA:116,21,0,0
BRDA:116,21,1,0
BRDA:125,22,0,0
BRDA:125,22,1,0
BRDA:145,23,0,0
BRDA:145,23,1,0
BRDA:167,24,0,0
BRDA:167,24,1,0
BRDA:167,25,0,0
BRDA:167,25,1,0
BRF:49
BRH:0
end_of_record
TN:
SF:src/components/weekdays.tsx
FN:23,(anonymous_0)
FN:34,(anonymous_1)
FN:44,(anonymous_2)
FN:68,(anonymous_3)
FNF:4
FNH:4
FNDA:4,(anonymous_0)
FNDA:2,(anonymous_1)
FNDA:28,(anonymous_2)
FNDA:2,(anonymous_3)
DA:23,2
DA:33,4
DA:34,2
DA:38,4
DA:45,28
DA:68,2
DA:69,2
LF:7
LH:7
BRDA:26,0,0,0
BRDA:27,1,0,0
BRDA:28,2,0,0
BRDA:29,3,0,0
BRDA:30,4,0,0
BRDA:50,5,0,0
BRDA:50,5,1,28
BRDA:72,6,0,0
BRDA:72,6,1,2
BRF:9
BRH:2
end_of_record
TN:
SF:src/components/years.tsx
FN:13,(anonymous_0)
FN:32,(anonymous_1)
FN:38,(anonymous_2)
FN:41,(anonymous_3)
FN:81,(anonymous_4)
FN:96,(anonymous_5)
FN:135,(anonymous_6)
FNF:7
FNH:0
FNDA:0,(anonymous_0)
FNDA:0,(anonymous_1)
FNDA:0,(anonymous_2)
FNDA:0,(anonymous_3)
FNDA:0,(anonymous_4)
FNDA:0,(anonymous_5)
FNDA:0,(anonymous_6)
DA:13,2
DA:29,0
DA:31,0
DA:32,0
DA:36,0
DA:38,0
DA:39,0
DA:40,0
DA:41,0
DA:42,0
DA:43,0
DA:45,0
DA:47,0
DA:55,0
DA:62,0
DA:69,0
DA:76,0
DA:81,0
DA:96,0
DA:110,0
DA:128,0
DA:135,2
DA:136,0
LF:23
LH:2
BRDA:16,0,0,0
BRDA:17,1,0,0
BRDA:22,2,0,0
BRDA:23,3,0,0
BRDA:24,4,0,0
BRDA:25,5,0,0
BRDA:50,6,0,0
BRDA:50,6,1,0
BRDA:51,7,0,0
BRDA:51,7,1,0
BRDA:52,8,0,0
BRDA:52,8,1,0
BRDA:57,9,0,0
BRDA:57,9,1,0
BRDA:58,10,0,0
BRDA:58,10,1,0
BRDA:59,11,0,0
BRDA:59,11,1,0
BRDA:64,12,0,0
BRDA:64,12,1,0
BRDA:65,13,0,0
BRDA:65,13,1,0
BRDA:66,14,0,0
BRDA:66,14,1,0
BRDA:71,15,0,0
BRDA:71,15,1,0
BRDA:72,16,0,0
BRDA:72,16,1,0
BRDA:73,17,0,0
BRDA:73,17,1,0
BRDA:78,18,0,0
BRDA:78,18,1,0
BRDA:143,19,0,0
BRDA:143,19,1,0
BRF:34
BRH:0
end_of_record
TN:
SF:src/components/header/index.tsx
FN:9,(anonymous_0)
FN:26,(anonymous_1)
FN:27,(anonymous_2)
FN:47,(anonymous_3)
FN:53,(anonymous_4)
FN:101,(anonymous_5)
FNF:6
FNH:4
FNDA:2,(anonymous_0)
FNDA:0,(anonymous_1)
FNDA:0,(anonymous_2)
FNDA:2,(anonymous_3)
FNDA:2,(anonymous_4)
FNDA:2,(anonymous_5)
DA:9,2
DA:10,2
DA:26,2
DA:27,0
DA:29,0
DA:47,2
DA:53,2
DA:55,2
DA:101,2
DA:106,2
DA:113,2
LF:11
LH:9
BRDA:17,0,0,0
BRDA:17,0,1,2
BRDA:22,1,0,0
BRDA:22,1,1,2
BRDA:48,2,0,2
BRDA:49,3,0,0
BRDA:50,4,0,0
BRDA:61,5,0,0
BRDA:61,5,1,2
BRDA:70,6,0,0
BRDA:70,6,1,2
BRDA:106,7,0,2
BRDA:106,7,1,2
BRDA:106,7,2,2
BRDA:106,7,3,2
BRDA:106,7,4,2
BRDA:106,7,5,2
BRF:17
BRH:11
end_of_record
TN:
SF:src/components/header/month-button.tsx
FN:6,(anonymous_0)
FN:25,(anonymous_1)
FNF:2
FNH:1
FNDA:4,(anonymous_0)
FNDA:0,(anonymous_1)
DA:6,2
DA:16,4
DA:18,4
DA:22,4
DA:26,0
LF:5
LH:4
BRDA:20,0,0,4
BRDA:20,0,1,0
BRDA:26,1,0,0
BRDA:26,1,1,0
BRF:4
BRH:1
end_of_record
TN:
SF:src/components/header/next-button.tsx
FN:26,(anonymous_0)
FN:43,(anonymous_1)
FN:45,(anonymous_2)
FN:59,(anonymous_3)
FN:91,(anonymous_4)
FN:106,(anonymous_5)
FNF:6
FNH:4
FNDA:4,(anonymous_0)
FNDA:2,(anonymous_1)
FNDA:0,(anonymous_2)
FNDA:2,(anonymous_3)
FNDA:0,(anonymous_4)
FNDA:2,(anonymous_5)
DA:17,2
DA:26,2
DA:39,4
DA:41,4
DA:42,4
DA:43,4
DA:45,4
DA:46,0
DA:48,0
DA:50,0
DA:52,0
DA:54,0
DA:58,4
DA:59,2
DA:67,4
DA:91,2
DA:96,0
DA:101,0
DA:106,2
DA:107,2
LF:20
LH:13
BRDA:37,0,0,0
BRDA:42,1,0,4
BRDA:42,1,1,0
BRDA:46,2,0,0
BRDA:46,2,1,0
BRDA:46,2,2,0
BRDA:46,2,3,0
BRDA:79,3,0,4
BRDA:79,3,1,4
BRDA:96,4,0,0
BRDA:96,4,1,0
BRDA:96,4,2,0
BRDA:96,4,3,0
BRDA:112,5,0,0
BRDA:112,5,1,2
BRDA:113,6,0,0
BRDA:113,6,1,2
BRDA:118,7,0,0
BRDA:118,7,1,2
BRF:19
BRH:6
end_of_record
TN:
SF:src/components/header/prev-button.tsx
FN:26,(anonymous_0)
FN:43,(anonymous_1)
FN:45,(anonymous_2)
FN:59,(anonymous_3)
FN:91,(anonymous_4)
FN:106,(anonymous_5)
FNF:6
FNH:4
FNDA:4,(anonymous_0)
FNDA:2,(anonymous_1)
FNDA:0,(anonymous_2)
FNDA:2,(anonymous_3)
FNDA:0,(anonymous_4)
FNDA:2,(anonymous_5)
DA:17,2
DA:26,2
DA:39,4
DA:41,4
DA:42,4
DA:43,4
DA:45,4
DA:46,0
DA:48,0
DA:50,0
DA:52,0
DA:54,0
DA:58,4
DA:59,2
DA:67,4
DA:91,2
DA:96,0
DA:101,0
DA:106,2
DA:107,2
LF:20
LH:13
BRDA:37,0,0,0
BRDA:42,1,0,4
BRDA:42,1,1,0
BRDA:46,2,0,0
BRDA:46,2,1,0
BRDA:46,2,2,0
BRDA:46,2,3,0
BRDA:79,3,0,4
BRDA:79,3,1,4
BRDA:96,4,0,0
BRDA:96,4,1,0
BRDA:96,4,2,0
BRDA:96,4,3,0
BRDA:112,5,0,0
BRDA:112,5,1,2
BRDA:113,6,0,0
BRDA:113,6,1,2
BRDA:118,7,0,0
BRDA:118,7,1,2
BRF:19
BRH:6
end_of_record
TN:
SF:src/components/header/selectors.tsx
FN:13,(anonymous_0)
FNF:1
FNH:1
FNDA:4,(anonymous_0)
DA:13,2
DA:14,4
DA:16,4
DA:42,2
LF:4
LH:4
BRDA:21,0,0,4
BRDA:21,0,1,0
BRDA:25,1,0,0
BRDA:25,1,1,0
BRDA:30,2,0,4
BRDA:30,2,1,0
BRDA:33,3,0,0
BRDA:33,3,1,4
BRDA:33,4,0,4
BRDA:33,4,1,0
BRDA:33,4,2,0
BRF:11
BRH:4
end_of_record
TN:
SF:src/components/header/time-button.tsx
FN:8,(anonymous_0)
FN:21,(anonymous_1)
FN:25,(anonymous_2)
FN:43,(anonymous_3)
FNF:4
FNH:0
FNDA:0,(anonymous_0)
FNDA:0,(anonymous_1)
FNDA:0,(anonymous_2)
FNDA:0,(anonymous_3)
DA:8,2
DA:18,0
DA:20,0
DA:21,0
DA:25,0
DA:26,0
DA:29,0
DA:34,0
DA:38,0
DA:41,0
DA:43,0
LF:11
LH:1
BRDA:16,0,0,0
BRDA:21,1,0,0
BRDA:21,1,1,0
BRDA:26,2,0,0
BRDA:26,2,1,0
BRDA:29,3,0,0
BRDA:29,3,1,0
BRDA:34,4,0,0
BRDA:34,4,1,0
BRDA:38,5,0,0
BRDA:38,5,1,0
BRDA:43,6,0,0
BRDA:43,6,1,0
BRDA:45,7,0,0
BRDA:45,7,1,0
BRF:15
BRH:0
end_of_record
TN:
SF:src/components/header/year-button.tsx
FN:7,(anonymous_0)
FN:24,(anonymous_1)
FNF:2
FNH:1
FNDA:4,(anonymous_0)
FNDA:0,(anonymous_1)
DA:7,2
DA:18,4
DA:20,4
DA:21,4
DA:25,0
DA:26,0
DA:54,2
LF:7
LH:5
BRDA:17,0,0,0
BRDA:25,1,0,0
BRDA:25,1,1,0
BRDA:40,2,0,0
BRDA:40,2,1,4
BRDA:41,3,0,0
BRDA:41,3,1,0
BRDA:41,4,0,0
BRDA:41,4,1,0
BRF:9
BRH:1
end_of_record
TN:
SF:src/components/time-picker/animated-math.ts
FN:7,sin
FN:23,normalize
FNF:2
FNH:0
FNDA:0,sin
FNDA:0,normalize
DA:3,2
DA:4,2
DA:5,2
DA:8,0
DA:9,0
DA:10,0
DA:11,0
DA:12,0
DA:14,0
DA:24,0
LF:10
LH:3
BRF:0
BRH:0
end_of_record
TN:
SF:src/components/time-picker/period-native.tsx
FN:18,(anonymous_0)
FN:20,(anonymous_1)
FN:40,(anonymous_2)
FNF:3
FNH:0
FNDA:0,(anonymous_0)
FNDA:0,(anonymous_1)
FNDA:0,(anonymous_2)
DA:13,2
DA:18,2
DA:24,0
DA:40,2
DA:45,0
DA:50,0
LF:6
LH:3
BRDA:20,0,0,0
BRDA:45,1,0,0
BRDA:45,1,1,0
BRDA:45,1,2,0
BRDA:45,1,3,0
BRF:5
BRH:0
end_of_record
TN:
SF:src/components/time-picker/period-picker.tsx
FN:14,(anonymous_0)
FNF:1
FNH:0
FNDA:0,(anonymous_0)
DA:14,2
DA:15,0
DA:16,0
LF:3
LH:1
BRDA:15,0,0,0
BRDA:15,0,1,0
BRF:2
BRH:0
end_of_record
TN:
SF:src/components/time-picker/period-web.tsx
FN:13,(anonymous_0)
FN:15,(anonymous_1)
FN:20,(anonymous_2)
FN:42,(anonymous_3)
FNF:4
FNH:0
FNDA:0,(anonymous_0)
FNDA:0,(anonymous_1)
FNDA:0,(anonymous_2)
FNDA:0,(anonymous_3)
DA:13,2
DA:19,0
DA:20,0
DA:33,2
DA:42,2
DA:47,0
DA:52,0
LF:7
LH:3
BRDA:15,0,0,0
BRDA:20,1,0,0
BRDA:20,1,1,0
BRDA:47,2,0,0
BRDA:47,2,1,0
BRDA:47,2,2,0
BRDA:47,2,3,0
BRF:7
BRH:0
end_of_record
TN:
SF:src/components/time-picker/wheel-native.tsx
FN:15,(anonymous_0)
FN:17,(anonymous_1)
FNF:2
FNH:0
FNDA:0,(anonymous_0)
FNDA:0,(anonymous_1)
DA:15,2
DA:23,0
DA:42,2
LF:3
LH:2
BRDA:17,0,0,0
BRDA:21,1,0,0
BRF:2
BRH:0
end_of_record
TN:
SF:src/components/time-picker/wheel-web.tsx
FN:25,(anonymous_0)
FN:27,(anonymous_1)
FN:40,(anonymous_2)
FN:41,(anonymous_3)
FN:44,(anonymous_4)
FN:46,(anonymous_5)
FN:47,(anonymous_6)
FN:48,(anonymous_7)
FN:51,(anonymous_8)
FN:55,(anonymous_9)
FN:91,(anonymous_10)
FN:94,(anonymous_11)
FN:106,(anonymous_12)
FN:110,(anonymous_13)
FN:113,(anonymous_14)
FN:146,(anonymous_15)
FN:207,(anonymous_16)
FNF:17
FNH:0
FNDA:0,(anonymous_0)
FNDA:0,(anonymous_1)
FNDA:0,(anonymous_2)
FNDA:0,(anonymous_3)
FNDA:0,(anonymous_4)
FNDA:0,(anonymous_5)
FNDA:0,(anonymous_6)
FNDA:0,(anonymous_7)
FNDA:0,(anonymous_8)
FNDA:0,(anonymous_9)
FNDA:0,(anonymous_10)
FNDA:0,(anonymous_11)
FNDA:0,(anonymous_12)
FNDA:0,(anonymous_13)
FNDA:0,(anonymous_14)
FNDA:0,(anonymous_15)
FNDA:0,(anonymous_16)
DA:23,2
DA:25,2
DA:32,0
DA:33,0
DA:35,0
DA:36,0
DA:37,0
DA:38,0
DA:40,0
DA:41,0
DA:44,0
DA:45,0
DA:46,0
DA:47,0
DA:49,0
DA:52,0
DA:53,0
DA:56,0
DA:58,0
DA:60,0
DA:61,0
DA:63,0
DA:64,0
DA:65,0
DA:66,0
DA:69,0
DA:70,0
DA:71,0
DA:72,0
DA:73,0
DA:74,0
DA:75,0
DA:76,0
DA:91,0
DA:92,0
DA:94,0
DA:95,0
DA:96,0
DA:97,0
DA:100,0
DA:102,0
DA:106,0
DA:108,0
DA:109,0
DA:110,0
DA:112,0
DA:114,0
DA:133,0
DA:147,0
DA:148,0
DA:182,2
DA:207,2
DA:212,0
DA:218,0
LF:54
LH:4
BRDA:27,0,0,0
BRDA:29,1,0,0
BRDA:30,2,0,0
BRDA:35,3,0,0
BRDA:35,3,1,0
BRDA:41,4,0,0
BRDA:41,4,1,0
BRDA:60,5,0,0
BRDA:60,5,1,0
BRDA:63,6,0,0
BRDA:63,6,1,0
BRDA:65,7,0,0
BRDA:65,7,1,0
BRDA:70,8,0,0
BRDA:70,8,1,0
BRDA:73,9,0,0
BRDA:73,9,1,0
BRDA:75,10,0,0
BRDA:75,10,1,0
BRDA:96,11,0,0
BRDA:96,11,1,0
BRDA:102,12,0,0
BRDA:102,12,1,0
BRDA:112,13,0,0
BRDA:112,13,1,0
BRDA:112,14,0,0
BRDA:112,14,1,0
BRDA:155,15,0,0
BRDA:155,15,1,0
BRDA:169,16,0,0
BRDA:169,16,1,0
BRDA:212,17,0,0
BRDA:212,17,1,0
BRDA:212,17,2,0
BRDA:212,17,3,0
BRDA:212,17,4,0
BRF:36
BRH:0
end_of_record
TN:
SF:src/components/time-picker/wheel.tsx
FN:16,(anonymous_0)
FNF:1
FNH:0
FNDA:0,(anonymous_0)
DA:16,2
DA:17,0
DA:18,0
LF:3
LH:1
BRDA:17,0,0,0
BRDA:17,0,1,0
BRF:2
BRH:0
end_of_record
TN:
SF:src/components/time-picker/wheel-picker/index.ts
FNF:0
FNH:0
LF:0
LH:0
BRF:0
BRH:0
end_of_record
TN:
SF:src/components/time-picker/wheel-picker/wheel-picker-item.tsx
FN:21,(anonymous_0)
FN:37,(anonymous_1)
FN:45,(anonymous_2)
FN:61,(anonymous_3)
FN:69,(anonymous_4)
FN:81,(anonymous_5)
FN:89,(anonymous_6)
FN:101,(anonymous_7)
FN:109,(anonymous_8)
FN:139,(anonymous_9)
FNF:10
FNH:0
FNDA:0,(anonymous_0)
FNDA:0,(anonymous_1)
FNDA:0,(anonymous_2)
FNDA:0,(anonymous_3)
FNDA:0,(anonymous_4)
FNDA:0,(anonymous_5)
FNDA:0,(anonymous_6)
FNDA:0,(anonymous_7)
FNDA:0,(anonymous_8)
FNDA:0,(anonymous_9)
DA:21,2
DA:34,0
DA:36,0
DA:38,0
DA:39,0
DA:40,0
DA:41,0
DA:43,0
DA:46,0
DA:47,0
DA:49,0
DA:50,0
DA:51,0
DA:53,0
DA:54,0
DA:56,0
DA:60,0
DA:62,0
DA:63,0
DA:64,0
DA:65,0
DA:67,0
DA:70,0
DA:71,0
DA:72,0
DA:73,0
DA:74,0
DA:76,0
DA:80,0
DA:82,0
DA:83,0
DA:84,0
DA:85,0
DA:87,0
DA:90,0
DA:91,0
DA:92,0
DA:93,0
DA:94,0
DA:96,0
DA:100,0
DA:102,0
DA:103,0
DA:104,0
DA:105,0
DA:107,0
DA:110,0
DA:111,0
DA:112,0
DA:113,0
DA:114,0
DA:116,0
DA:120,0
DA:139,2
DA:143,0
LF:55
LH:2
BRDA:144,0,0,0
BRDA:144,0,1,0
BRF:2
BRH:0
end_of_record
TN:
SF:src/components/time-picker/wheel-picker/wheel-picker.style.ts
FNF:0
FNH:0
LF:0
LH:0
BRF:0
BRH:0
end_of_record
TN:
SF:src/components/time-picker/wheel-picker/wheel-picker.tsx
FN:40,(anonymous_0)
FN:51,(anonymous_1)
FN:52,(anonymous_2)
FN:53,(anonymous_3)
FN:61,(anonymous_4)
FN:67,(anonymous_5)
FN:83,(anonymous_6)
FN:83,(anonymous_7)
FN:88,(anonymous_8)
FN:92,(anonymous_9)
FN:140,(anonymous_10)
FN:144,(anonymous_11)
FN:151,(anonymous_12)
FN:158,(anonymous_13)
FN:173,(anonymous_14)
FN:187,(anonymous_15)
FN:237,(anonymous_16)
FN:243,(anonymous_17)
FN:246,(anonymous_18)
FNF:19
FNH:0
FNDA:0,(anonymous_0)
FNDA:0,(anonymous_1)
FNDA:0,(anonymous_2)
FNDA:0,(anonymous_3)
FNDA:0,(anonymous_4)
FNDA:0,(anonymous_5)
FNDA:0,(anonymous_6)
FNDA:0,(anonymous_7)
FNDA:0,(anonymous_8)
FNDA:0,(anonymous_9)
FNDA:0,(anonymous_10)
FNDA:0,(anonymous_11)
FNDA:0,(anonymous_12)
FNDA:0,(anonymous_13)
FNDA:0,(anonymous_14)
FNDA:0,(anonymous_15)
FNDA:0,(anonymous_16)
FNDA:0,(anonymous_17)
FNDA:0,(anonymous_18)
DA:40,2
DA:51,0
DA:52,0
DA:53,0
DA:60,0
DA:61,0
DA:63,0
DA:64,0
DA:66,0
DA:67,0
DA:68,0
DA:70,0
DA:71,0
DA:72,0
DA:73,0
DA:75,0
DA:79,0
DA:82,0
DA:83,0
DA:87,0
DA:88,0
DA:92,0
DA:93,0
DA:95,0
DA:100,0
DA:101,0
DA:102,0
DA:103,0
DA:106,0
DA:107,0
DA:109,0
DA:113,0
DA:114,0
DA:117,0
DA:119,0
DA:120,0
DA:124,0
DA:125,0
DA:127,0
DA:128,0
DA:132,0
DA:136,0
DA:137,0
DA:140,0
DA:141,0
DA:144,0
DA:147,0
DA:148,0
DA:151,0
DA:155,0
DA:158,0
DA:161,0
DA:163,0
DA:168,0
DA:173,0
DA:174,0
DA:175,0
DA:187,0
DA:188,0
DA:189,0
DA:195,0
DA:196,0
DA:203,0
DA:237,0
DA:244,0
DA:247,0
LF:66
LH:1
BRDA:44,0,0,0
BRDA:45,1,0,0
BRDA:46,2,0,0
BRDA:47,3,0,0
BRDA:48,4,0,0
BRDA:49,5,0,0
BRDA:50,6,0,0
BRDA:51,7,0,0
BRDA:52,8,0,0
BRDA:53,9,0,0
BRDA:54,10,0,0
BRDA:55,11,0,0
BRDA:56,12,0,0
BRDA:57,13,0,0
BRDA:58,14,0,0
BRDA:68,15,0,0
BRDA:68,15,1,0
BRDA:93,16,0,0
BRDA:93,16,1,0
BRDA:102,17,0,0
BRDA:102,17,1,0
BRDA:106,18,0,0
BRDA:106,18,1,0
BRDA:107,19,0,0
BRDA:107,19,1,0
BRDA:117,20,0,0
BRDA:117,20,1,0
BRDA:125,21,0,0
BRDA:125,21,1,0
BRDA:137,22,0,0
BRDA:137,22,1,0
BRDA:161,23,0,0
BRDA:161,23,1,0
BRDA:161,24,0,0
BRDA:161,24,1,0
BRDA:174,25,0,0
BRDA:174,25,1,0
BRDA:174,26,0,0
BRDA:174,26,1,0
BRDA:188,27,0,0
BRDA:188,27,1,0
BRDA:235,28,0,0
BRDA:235,28,1,0
BRDA:244,29,0,0
BRDA:244,29,1,0
BRF:45
BRH:0
end_of_record
TN:
SF:src/hooks/use-previous.ts
FN:3,(anonymous_0)
FN:5,(anonymous_1)
FNF:2
FNH:2
FNDA:4,(anonymous_0)
FNDA:4,(anonymous_1)
DA:3,2
DA:4,4
DA:5,4
DA:6,4
DA:8,4
LF:5
LH:5
BRF:0
BRH:0
end_of_record
